<testsuites id="" name="" tests="161" failures="54" skipped="0" errors="0" time="653.184522">
<testsuite name="frontend-complete-test.spec.cjs" timestamp="2025-09-11T00:43:32.473Z" hostname="chromium" tests="23" failures="8" skipped="0" time="115.196" errors="0">
<testcase name="Frontend Complete Test Suite › Páginas de Autenticação › Página de Login - Elementos e Funcionalidades" classname="frontend-complete-test.spec.cjs" time="2.202">
<failure message="frontend-complete-test.spec.cjs:35:5 Página de Login - Elementos e Funcionalidades" type="FAILURE">
<![CDATA[  [chromium] › frontend-complete-test.spec.cjs:35:5 › Frontend Complete Test Suite › Páginas de Autenticação › Página de Login - Elementos e Funcionalidades 

    Error: expect.toContainText: Error: strict mode violation: locator('h1, h2') resolved to 2 elements:
        1) <h1 class="text-3xl font-bold text-gray-900">AI Agents</h1> aka getByRole('heading', { name: 'AI Agents' })
        2) <h2 class="text-2xl font-bold text-gray-900 mb-2">Bem-vindo de volta</h2> aka getByRole('heading', { name: 'Bem-vindo de volta' })

    Call log:
      - Expect "toContainText" with timeout 10000ms
      - waiting for locator('h1, h2')


      37 |       
      38 |       // Verificar elementos da página
    > 39 |       await expect(page.locator('h1, h2')).toContainText(/login|entrar/i);
         |                                            ^
      40 |       await expect(page.locator('input[type="email"]')).toBeVisible();
      41 |       await expect(page.locator('input[type="password"]')).toBeVisible();
      42 |       await expect(page.locator('button[type="submit"]')).toBeVisible();
        at C:\xampp\htdocs\SAAS AGENTE IA\project\tests\e2e\frontend-complete-test.spec.cjs:39:44

    attachment #1: screenshot (image/png) ──────────────────────────────────────────────────────────
    ..\..\test-results\artifacts\frontend-complete-test-Fro-cfd4b-Elementos-e-Funcionalidades-chromium\test-failed-1.png
    ────────────────────────────────────────────────────────────────────────────────────────────────

    attachment #3: video (video/webm) ──────────────────────────────────────────────────────────────
    ..\..\test-results\artifacts\frontend-complete-test-Fro-cfd4b-Elementos-e-Funcionalidades-chromium\video.webm
    ────────────────────────────────────────────────────────────────────────────────────────────────

    Error Context: ..\..\test-results\artifacts\frontend-complete-test-Fro-cfd4b-Elementos-e-Funcionalidades-chromium\error-context.md

    Retry #1 ───────────────────────────────────────────────────────────────────────────────────────

    Error: expect.toContainText: Error: strict mode violation: locator('h1, h2') resolved to 2 elements:
        1) <h1 class="text-3xl font-bold text-gray-900">AI Agents</h1> aka getByRole('heading', { name: 'AI Agents' })
        2) <h2 class="text-2xl font-bold text-gray-900 mb-2">Bem-vindo de volta</h2> aka getByRole('heading', { name: 'Bem-vindo de volta' })

    Call log:
      - Expect "toContainText" with timeout 10000ms
      - waiting for locator('h1, h2')


      37 |       
      38 |       // Verificar elementos da página
    > 39 |       await expect(page.locator('h1, h2')).toContainText(/login|entrar/i);
         |                                            ^
      40 |       await expect(page.locator('input[type="email"]')).toBeVisible();
      41 |       await expect(page.locator('input[type="password"]')).toBeVisible();
      42 |       await expect(page.locator('button[type="submit"]')).toBeVisible();
        at C:\xampp\htdocs\SAAS AGENTE IA\project\tests\e2e\frontend-complete-test.spec.cjs:39:44

    attachment #1: screenshot (image/png) ──────────────────────────────────────────────────────────
    ..\..\test-results\artifacts\frontend-complete-test-Fro-cfd4b-Elementos-e-Funcionalidades-chromium-retry1\test-failed-1.png
    ────────────────────────────────────────────────────────────────────────────────────────────────

    attachment #3: video (video/webm) ──────────────────────────────────────────────────────────────
    ..\..\test-results\artifacts\frontend-complete-test-Fro-cfd4b-Elementos-e-Funcionalidades-chromium-retry1\video.webm
    ────────────────────────────────────────────────────────────────────────────────────────────────

    Error Context: ..\..\test-results\artifacts\frontend-complete-test-Fro-cfd4b-Elementos-e-Funcionalidades-chromium-retry1\error-context.md

    attachment #5: trace (application/zip) ─────────────────────────────────────────────────────────
    ..\..\test-results\artifacts\frontend-complete-test-Fro-cfd4b-Elementos-e-Funcionalidades-chromium-retry1\trace.zip
    Usage:

        npx playwright show-trace ..\..\test-results\artifacts\frontend-complete-test-Fro-cfd4b-Elementos-e-Funcionalidades-chromium-retry1\trace.zip

    ────────────────────────────────────────────────────────────────────────────────────────────────
]]>
</failure>
<system-out>
<![CDATA[
[[ATTACHMENT|artifacts\frontend-complete-test-Fro-cfd4b-Elementos-e-Funcionalidades-chromium\test-failed-1.png]]

[[ATTACHMENT|artifacts\frontend-complete-test-Fro-cfd4b-Elementos-e-Funcionalidades-chromium\video.webm]]

[[ATTACHMENT|artifacts\frontend-complete-test-Fro-cfd4b-Elementos-e-Funcionalidades-chromium\error-context.md]]

[[ATTACHMENT|artifacts\frontend-complete-test-Fro-cfd4b-Elementos-e-Funcionalidades-chromium-retry1\test-failed-1.png]]

[[ATTACHMENT|artifacts\frontend-complete-test-Fro-cfd4b-Elementos-e-Funcionalidades-chromium-retry1\video.webm]]

[[ATTACHMENT|artifacts\frontend-complete-test-Fro-cfd4b-Elementos-e-Funcionalidades-chromium-retry1\error-context.md]]

[[ATTACHMENT|artifacts\frontend-complete-test-Fro-cfd4b-Elementos-e-Funcionalidades-chromium-retry1\trace.zip]]
]]>
</system-out>
</testcase>
<testcase name="Frontend Complete Test Suite › Páginas de Autenticação › Página de Registro - Elementos e Funcionalidades" classname="frontend-complete-test.spec.cjs" time="22.619">
<failure message="frontend-complete-test.spec.cjs:62:5 Página de Registro - Elementos e Funcionalidades" type="FAILURE">
<![CDATA[  [chromium] › frontend-complete-test.spec.cjs:62:5 › Frontend Complete Test Suite › Páginas de Autenticação › Página de Registro - Elementos e Funcionalidades 

    Error: expect(locator).toContainText(expected) failed

    Locator: locator('h1, h2')
    Expected pattern: /registro|cadastro|sign up/i
    Received string:  "Criar Conta"
    Timeout: 10000ms

    Call log:
      - Expect "toContainText" with timeout 10000ms
      - waiting for locator('h1, h2')
        11 × locator resolved to <h2 class="text-3xl font-bold text-gray-900 mb-2">Criar Conta</h2>
           - unexpected value "Criar Conta"


      64 |       
      65 |       // Verificar elementos da página
    > 66 |       await expect(page.locator('h1, h2')).toContainText(/registro|cadastro|sign up/i);
         |                                            ^
      67 |       await expect(page.locator('input[type="email"]')).toBeVisible();
      68 |       await expect(page.locator('input[type="password"]')).toBeVisible();
      69 |       await expect(page.locator('button[type="submit"]')).toBeVisible();
        at C:\xampp\htdocs\SAAS AGENTE IA\project\tests\e2e\frontend-complete-test.spec.cjs:66:44

    attachment #1: screenshot (image/png) ──────────────────────────────────────────────────────────
    ..\..\test-results\artifacts\frontend-complete-test-Fro-69749-Elementos-e-Funcionalidades-chromium\test-failed-1.png
    ────────────────────────────────────────────────────────────────────────────────────────────────

    attachment #3: video (video/webm) ──────────────────────────────────────────────────────────────
    ..\..\test-results\artifacts\frontend-complete-test-Fro-69749-Elementos-e-Funcionalidades-chromium\video.webm
    ────────────────────────────────────────────────────────────────────────────────────────────────

    Error Context: ..\..\test-results\artifacts\frontend-complete-test-Fro-69749-Elementos-e-Funcionalidades-chromium\error-context.md

    Retry #1 ───────────────────────────────────────────────────────────────────────────────────────

    Error: expect(locator).toContainText(expected) failed

    Locator: locator('h1, h2')
    Expected pattern: /registro|cadastro|sign up/i
    Received string:  "Criar Conta"
    Timeout: 10000ms

    Call log:
      - Expect "toContainText" with timeout 10000ms
      - waiting for locator('h1, h2')
        13 × locator resolved to <h2 class="text-3xl font-bold text-gray-900 mb-2">Criar Conta</h2>
           - unexpected value "Criar Conta"


      64 |       
      65 |       // Verificar elementos da página
    > 66 |       await expect(page.locator('h1, h2')).toContainText(/registro|cadastro|sign up/i);
         |                                            ^
      67 |       await expect(page.locator('input[type="email"]')).toBeVisible();
      68 |       await expect(page.locator('input[type="password"]')).toBeVisible();
      69 |       await expect(page.locator('button[type="submit"]')).toBeVisible();
        at C:\xampp\htdocs\SAAS AGENTE IA\project\tests\e2e\frontend-complete-test.spec.cjs:66:44

    attachment #1: screenshot (image/png) ──────────────────────────────────────────────────────────
    ..\..\test-results\artifacts\frontend-complete-test-Fro-69749-Elementos-e-Funcionalidades-chromium-retry1\test-failed-1.png
    ────────────────────────────────────────────────────────────────────────────────────────────────

    attachment #3: video (video/webm) ──────────────────────────────────────────────────────────────
    ..\..\test-results\artifacts\frontend-complete-test-Fro-69749-Elementos-e-Funcionalidades-chromium-retry1\video.webm
    ────────────────────────────────────────────────────────────────────────────────────────────────

    Error Context: ..\..\test-results\artifacts\frontend-complete-test-Fro-69749-Elementos-e-Funcionalidades-chromium-retry1\error-context.md

    attachment #5: trace (application/zip) ─────────────────────────────────────────────────────────
    ..\..\test-results\artifacts\frontend-complete-test-Fro-69749-Elementos-e-Funcionalidades-chromium-retry1\trace.zip
    Usage:

        npx playwright show-trace ..\..\test-results\artifacts\frontend-complete-test-Fro-69749-Elementos-e-Funcionalidades-chromium-retry1\trace.zip

    ────────────────────────────────────────────────────────────────────────────────────────────────
]]>
</failure>
<system-out>
<![CDATA[
[[ATTACHMENT|artifacts\frontend-complete-test-Fro-69749-Elementos-e-Funcionalidades-chromium\test-failed-1.png]]

[[ATTACHMENT|artifacts\frontend-complete-test-Fro-69749-Elementos-e-Funcionalidades-chromium\video.webm]]

[[ATTACHMENT|artifacts\frontend-complete-test-Fro-69749-Elementos-e-Funcionalidades-chromium\error-context.md]]

[[ATTACHMENT|artifacts\frontend-complete-test-Fro-69749-Elementos-e-Funcionalidades-chromium-retry1\test-failed-1.png]]

[[ATTACHMENT|artifacts\frontend-complete-test-Fro-69749-Elementos-e-Funcionalidades-chromium-retry1\video.webm]]

[[ATTACHMENT|artifacts\frontend-complete-test-Fro-69749-Elementos-e-Funcionalidades-chromium-retry1\error-context.md]]

[[ATTACHMENT|artifacts\frontend-complete-test-Fro-69749-Elementos-e-Funcionalidades-chromium-retry1\trace.zip]]
]]>
</system-out>
</testcase>
<testcase name="Frontend Complete Test Suite › Dashboard Principal › Dashboard - Layout e Componentes" classname="frontend-complete-test.spec.cjs" time="4.333">
<failure message="frontend-complete-test.spec.cjs:86:5 Dashboard - Layout e Componentes" type="FAILURE">
<![CDATA[  [chromium] › frontend-complete-test.spec.cjs:86:5 › Frontend Complete Test Suite › Dashboard Principal › Dashboard - Layout e Componentes 

    Error: expect.toContainText: Error: strict mode violation: locator('h1, h2') resolved to 2 elements:
        1) <h1 class="text-3xl font-bold text-gray-900">AI Agents</h1> aka getByRole('heading', { name: 'AI Agents' })
        2) <h2 class="text-2xl font-bold text-gray-900 mb-2">Bem-vindo de volta</h2> aka getByRole('heading', { name: 'Bem-vindo de volta' })

    Call log:
      - Expect "toContainText" with timeout 10000ms
      - waiting for locator('h1, h2')


      88 |       
      89 |       // Verificar elementos principais do dashboard
    > 90 |       await expect(page.locator('h1, h2')).toContainText(/dashboard|painel/i);
         |                                            ^
      91 |       
      92 |       // Verificar cards de estatísticas
      93 |       const statsCards = page.locator('[class*="card"], [class*="stat"], .bg-white');
        at C:\xampp\htdocs\SAAS AGENTE IA\project\tests\e2e\frontend-complete-test.spec.cjs:90:44

    attachment #1: screenshot (image/png) ──────────────────────────────────────────────────────────
    ..\..\test-results\artifacts\frontend-complete-test-Fro-248b8-oard---Layout-e-Componentes-chromium\test-failed-1.png
    ────────────────────────────────────────────────────────────────────────────────────────────────

    attachment #3: video (video/webm) ──────────────────────────────────────────────────────────────
    ..\..\test-results\artifacts\frontend-complete-test-Fro-248b8-oard---Layout-e-Componentes-chromium\video.webm
    ────────────────────────────────────────────────────────────────────────────────────────────────

    Error Context: ..\..\test-results\artifacts\frontend-complete-test-Fro-248b8-oard---Layout-e-Componentes-chromium\error-context.md

    Retry #1 ───────────────────────────────────────────────────────────────────────────────────────

    Error: expect.toContainText: Error: strict mode violation: locator('h1, h2') resolved to 2 elements:
        1) <h1 class="text-lg font-bold text-gray-900">AI Agents</h1> aka getByRole('heading', { name: 'AI Agents' })
        2) <h2 class="text-xl font-semibold text-gray-900 mb-2">Erro ao Carregar Dashboard</h2> aka getByRole('heading', { name: 'Erro ao Carregar Dashboard' })

    Call log:
      - Expect "toContainText" with timeout 10000ms
      - waiting for locator('h1, h2')
        3 × locator resolved to <h1 class="text-lg font-bold text-gray-900">AI Agents</h1>
          - unexpected value "AI Agents"


      88 |       
      89 |       // Verificar elementos principais do dashboard
    > 90 |       await expect(page.locator('h1, h2')).toContainText(/dashboard|painel/i);
         |                                            ^
      91 |       
      92 |       // Verificar cards de estatísticas
      93 |       const statsCards = page.locator('[class*="card"], [class*="stat"], .bg-white');
        at C:\xampp\htdocs\SAAS AGENTE IA\project\tests\e2e\frontend-complete-test.spec.cjs:90:44

    attachment #1: screenshot (image/png) ──────────────────────────────────────────────────────────
    ..\..\test-results\artifacts\frontend-complete-test-Fro-248b8-oard---Layout-e-Componentes-chromium-retry1\test-failed-1.png
    ────────────────────────────────────────────────────────────────────────────────────────────────

    attachment #3: video (video/webm) ──────────────────────────────────────────────────────────────
    ..\..\test-results\artifacts\frontend-complete-test-Fro-248b8-oard---Layout-e-Componentes-chromium-retry1\video.webm
    ────────────────────────────────────────────────────────────────────────────────────────────────

    Error Context: ..\..\test-results\artifacts\frontend-complete-test-Fro-248b8-oard---Layout-e-Componentes-chromium-retry1\error-context.md

    attachment #5: trace (application/zip) ─────────────────────────────────────────────────────────
    ..\..\test-results\artifacts\frontend-complete-test-Fro-248b8-oard---Layout-e-Componentes-chromium-retry1\trace.zip
    Usage:

        npx playwright show-trace ..\..\test-results\artifacts\frontend-complete-test-Fro-248b8-oard---Layout-e-Componentes-chromium-retry1\trace.zip

    ────────────────────────────────────────────────────────────────────────────────────────────────
]]>
</failure>
<system-out>
<![CDATA[API Call: POST http://localhost:5173/api/auth/login
API Call: GET https://ui-avatars.com/api/?name=Usu%C3%A1rio%20Teste&background=6366f1&color=fff
API Call: GET http://localhost:5173/api/auth/profile
API Call: GET http://localhost:5173/api/auth/profile
API Call: GET http://localhost:5173/api/agents/stats
API Call: GET http://localhost:5173/api/conversations?limit=10
API Call: GET https://ui-avatars.com/api/?name=undefined&background=6366f1&color=fff
API Call: GET https://ui-avatars.com/api/?name=User&background=6366f1&color=fff
API Call: GET http://localhost:5173/api/agents/stats
API Call: GET http://localhost:5173/api/conversations?limit=10

[[ATTACHMENT|artifacts\frontend-complete-test-Fro-248b8-oard---Layout-e-Componentes-chromium\test-failed-1.png]]

[[ATTACHMENT|artifacts\frontend-complete-test-Fro-248b8-oard---Layout-e-Componentes-chromium\video.webm]]

[[ATTACHMENT|artifacts\frontend-complete-test-Fro-248b8-oard---Layout-e-Componentes-chromium\error-context.md]]
API Call: POST http://localhost:5173/api/auth/login
API Call: GET https://ui-avatars.com/api/?name=Usu%C3%A1rio%20Teste&background=6366f1&color=fff
API Call: GET http://localhost:5173/api/auth/profile
API Call: GET http://localhost:5173/api/auth/profile
API Call: GET http://localhost:5173/api/agents/stats
API Call: GET http://localhost:5173/api/conversations?limit=10
API Call: GET http://localhost:5173/api/agents/stats
API Call: GET http://localhost:5173/api/conversations?limit=10
API Call: GET https://ui-avatars.com/api/?name=undefined&background=6366f1&color=fff
API Call: GET https://ui-avatars.com/api/?name=User&background=6366f1&color=fff

[[ATTACHMENT|artifacts\frontend-complete-test-Fro-248b8-oard---Layout-e-Componentes-chromium-retry1\test-failed-1.png]]

[[ATTACHMENT|artifacts\frontend-complete-test-Fro-248b8-oard---Layout-e-Componentes-chromium-retry1\video.webm]]

[[ATTACHMENT|artifacts\frontend-complete-test-Fro-248b8-oard---Layout-e-Componentes-chromium-retry1\error-context.md]]

[[ATTACHMENT|artifacts\frontend-complete-test-Fro-248b8-oard---Layout-e-Componentes-chromium-retry1\trace.zip]]
]]>
</system-out>
</testcase>
<testcase name="Frontend Complete Test Suite › Dashboard Principal › Dashboard - Interações e Navegação" classname="frontend-complete-test.spec.cjs" time="1.681">
<system-out>
<![CDATA[API Call: POST http://localhost:5173/api/auth/login
API Call: GET https://ui-avatars.com/api/?name=Usu%C3%A1rio%20Teste&background=6366f1&color=fff
]]>
</system-out>
</testcase>
<testcase name="Frontend Complete Test Suite › Página de Agentes › Agentes - Lista e Visualização" classname="frontend-complete-test.spec.cjs" time="3.74">
<failure message="frontend-complete-test.spec.cjs:133:5 Agentes - Lista e Visualização" type="FAILURE">
<![CDATA[  [chromium] › frontend-complete-test.spec.cjs:133:5 › Frontend Complete Test Suite › Página de Agentes › Agentes - Lista e Visualização 

    Error: expect.toContainText: Error: strict mode violation: locator('h1, h2') resolved to 2 elements:
        1) <h1 class="text-lg font-bold text-gray-900">AI Agents</h1> aka getByRole('heading', { name: 'AI Agents' })
        2) <h1 class="text-2xl font-bold text-gray-900">Agentes de IA</h1> aka getByRole('heading', { name: 'Agentes de IA' })

    Call log:
      - Expect "toContainText" with timeout 10000ms
      - waiting for locator('h1, h2')


      136 |       
      137 |       // Verificar título da página
    > 138 |       await expect(page.locator('h1, h2')).toContainText(/agentes|agents/i);
          |                                            ^
      139 |       
      140 |       // Verificar botão de criar agente
      141 |       const createButton = page.locator('button:has-text("Criar"), button:has-text("Novo"), button:has-text("Add"), [class*="create"], [class*="add"]');
        at C:\xampp\htdocs\SAAS AGENTE IA\project\tests\e2e\frontend-complete-test.spec.cjs:138:44

    attachment #1: screenshot (image/png) ──────────────────────────────────────────────────────────
    ..\..\test-results\artifacts\frontend-complete-test-Fro-dda1e-ntes---Lista-e-Visualização-chromium\test-failed-1.png
    ────────────────────────────────────────────────────────────────────────────────────────────────

    attachment #3: video (video/webm) ──────────────────────────────────────────────────────────────
    ..\..\test-results\artifacts\frontend-complete-test-Fro-dda1e-ntes---Lista-e-Visualização-chromium\video.webm
    ────────────────────────────────────────────────────────────────────────────────────────────────

    Error Context: ..\..\test-results\artifacts\frontend-complete-test-Fro-dda1e-ntes---Lista-e-Visualização-chromium\error-context.md

    Retry #1 ───────────────────────────────────────────────────────────────────────────────────────

    Error: expect.toContainText: Error: strict mode violation: locator('h1, h2') resolved to 2 elements:
        1) <h1 class="text-lg font-bold text-gray-900">AI Agents</h1> aka getByRole('heading', { name: 'AI Agents' })
        2) <h1 class="text-2xl font-bold text-gray-900">Agentes de IA</h1> aka getByRole('heading', { name: 'Agentes de IA' })

    Call log:
      - Expect "toContainText" with timeout 10000ms
      - waiting for locator('h1, h2')


      136 |       
      137 |       // Verificar título da página
    > 138 |       await expect(page.locator('h1, h2')).toContainText(/agentes|agents/i);
          |                                            ^
      139 |       
      140 |       // Verificar botão de criar agente
      141 |       const createButton = page.locator('button:has-text("Criar"), button:has-text("Novo"), button:has-text("Add"), [class*="create"], [class*="add"]');
        at C:\xampp\htdocs\SAAS AGENTE IA\project\tests\e2e\frontend-complete-test.spec.cjs:138:44

    attachment #1: screenshot (image/png) ──────────────────────────────────────────────────────────
    ..\..\test-results\artifacts\frontend-complete-test-Fro-dda1e-ntes---Lista-e-Visualização-chromium-retry1\test-failed-1.png
    ────────────────────────────────────────────────────────────────────────────────────────────────

    attachment #3: video (video/webm) ──────────────────────────────────────────────────────────────
    ..\..\test-results\artifacts\frontend-complete-test-Fro-dda1e-ntes---Lista-e-Visualização-chromium-retry1\video.webm
    ────────────────────────────────────────────────────────────────────────────────────────────────

    Error Context: ..\..\test-results\artifacts\frontend-complete-test-Fro-dda1e-ntes---Lista-e-Visualização-chromium-retry1\error-context.md

    attachment #5: trace (application/zip) ─────────────────────────────────────────────────────────
    ..\..\test-results\artifacts\frontend-complete-test-Fro-dda1e-ntes---Lista-e-Visualização-chromium-retry1\trace.zip
    Usage:

        npx playwright show-trace ..\..\test-results\artifacts\frontend-complete-test-Fro-dda1e-ntes---Lista-e-Visualização-chromium-retry1\trace.zip

    ────────────────────────────────────────────────────────────────────────────────────────────────
]]>
</failure>
<system-out>
<![CDATA[API Call: POST http://localhost:5173/api/auth/login
API Call: GET https://ui-avatars.com/api/?name=User&background=6366f1&color=fff
API Call: GET https://ui-avatars.com/api/?name=Usu%C3%A1rio%20Teste&background=6366f1&color=fff
API Call: GET http://localhost:5173/api/agents
API Call: GET http://localhost:5173/api/agents

[[ATTACHMENT|artifacts\frontend-complete-test-Fro-dda1e-ntes---Lista-e-Visualização-chromium\test-failed-1.png]]

[[ATTACHMENT|artifacts\frontend-complete-test-Fro-dda1e-ntes---Lista-e-Visualização-chromium\video.webm]]

[[ATTACHMENT|artifacts\frontend-complete-test-Fro-dda1e-ntes---Lista-e-Visualização-chromium\error-context.md]]
API Call: POST http://localhost:5173/api/auth/login
API Call: GET https://ui-avatars.com/api/?name=Usu%C3%A1rio%20Teste&background=6366f1&color=fff
API Call: GET https://ui-avatars.com/api/?name=User&background=6366f1&color=fff
API Call: GET https://ui-avatars.com/api/?name=Usu%C3%A1rio%20Teste&background=6366f1&color=fff
API Call: GET http://localhost:5173/api/agents
API Call: GET http://localhost:5173/api/agents

[[ATTACHMENT|artifacts\frontend-complete-test-Fro-dda1e-ntes---Lista-e-Visualização-chromium-retry1\test-failed-1.png]]

[[ATTACHMENT|artifacts\frontend-complete-test-Fro-dda1e-ntes---Lista-e-Visualização-chromium-retry1\video.webm]]

[[ATTACHMENT|artifacts\frontend-complete-test-Fro-dda1e-ntes---Lista-e-Visualização-chromium-retry1\error-context.md]]

[[ATTACHMENT|artifacts\frontend-complete-test-Fro-dda1e-ntes---Lista-e-Visualização-chromium-retry1\trace.zip]]
]]>
</system-out>
</testcase>
<testcase name="Frontend Complete Test Suite › Página de Agentes › Agentes - Modal de Criação" classname="frontend-complete-test.spec.cjs" time="1.933">
<system-out>
<![CDATA[API Call: POST http://localhost:5173/api/auth/login
API Call: GET https://ui-avatars.com/api/?name=Usu%C3%A1rio%20Teste&background=6366f1&color=fff
API Call: GET https://ui-avatars.com/api/?name=User&background=6366f1&color=fff
API Call: GET https://ui-avatars.com/api/?name=Usu%C3%A1rio%20Teste&background=6366f1&color=fff
]]>
</system-out>
</testcase>
<testcase name="Frontend Complete Test Suite › Página de Agentes › Agentes - Ações nos Cards" classname="frontend-complete-test.spec.cjs" time="1.618">
<system-out>
<![CDATA[API Call: POST http://localhost:5173/api/auth/login
API Call: GET https://ui-avatars.com/api/?name=Usu%C3%A1rio%20Teste&background=6366f1&color=fff
API Call: GET https://ui-avatars.com/api/?name=User&background=6366f1&color=fff
API Call: GET https://ui-avatars.com/api/?name=Usu%C3%A1rio%20Teste&background=6366f1&color=fff
API Call: GET http://localhost:5173/api/agents
API Call: GET http://localhost:5173/api/agents
]]>
</system-out>
</testcase>
<testcase name="Frontend Complete Test Suite › Página de Conversas › Conversas - Lista e Filtros" classname="frontend-complete-test.spec.cjs" time="4.398">
<failure message="frontend-complete-test.spec.cjs:221:5 Conversas - Lista e Filtros" type="FAILURE">
<![CDATA[  [chromium] › frontend-complete-test.spec.cjs:221:5 › Frontend Complete Test Suite › Página de Conversas › Conversas - Lista e Filtros 

    Error: expect.toContainText: Error: strict mode violation: locator('h1, h2') resolved to 2 elements:
        1) <h1 class="text-lg font-bold text-gray-900">AI Agents</h1> aka getByRole('heading', { name: 'AI Agents' })
        2) <h1 class="text-2xl font-bold text-gray-900">Conversas</h1> aka getByRole('heading', { name: 'Conversas', exact: true })

    Call log:
      - Expect "toContainText" with timeout 10000ms
      - waiting for locator('h1, h2')
        2 × locator resolved to <h1 class="text-lg font-bold text-gray-900">AI Agents</h1>
          - unexpected value "AI Agents"


      224 |       
      225 |       // Verificar título
    > 226 |       await expect(page.locator('h1, h2')).toContainText(/conversas|conversations/i);
          |                                            ^
      227 |       
      228 |       // Verificar filtros
      229 |       const statusFilter = page.locator('select, [class*="filter"], [class*="dropdown"]');
        at C:\xampp\htdocs\SAAS AGENTE IA\project\tests\e2e\frontend-complete-test.spec.cjs:226:44

    attachment #1: screenshot (image/png) ──────────────────────────────────────────────────────────
    ..\..\test-results\artifacts\frontend-complete-test-Fro-b2b61-Conversas---Lista-e-Filtros-chromium\test-failed-1.png
    ────────────────────────────────────────────────────────────────────────────────────────────────

    attachment #3: video (video/webm) ──────────────────────────────────────────────────────────────
    ..\..\test-results\artifacts\frontend-complete-test-Fro-b2b61-Conversas---Lista-e-Filtros-chromium\video.webm
    ────────────────────────────────────────────────────────────────────────────────────────────────

    Error Context: ..\..\test-results\artifacts\frontend-complete-test-Fro-b2b61-Conversas---Lista-e-Filtros-chromium\error-context.md

    Retry #1 ───────────────────────────────────────────────────────────────────────────────────────

    Error: expect.toContainText: Error: strict mode violation: locator('h1, h2') resolved to 2 elements:
        1) <h1 class="text-lg font-bold text-gray-900">AI Agents</h1> aka getByRole('heading', { name: 'AI Agents' })
        2) <h1 class="text-2xl font-bold text-gray-900">Conversas</h1> aka getByRole('heading', { name: 'Conversas', exact: true })

    Call log:
      - Expect "toContainText" with timeout 10000ms
      - waiting for locator('h1, h2')
        2 × locator resolved to <h1 class="text-lg font-bold text-gray-900">AI Agents</h1>
          - unexpected value "AI Agents"


      224 |       
      225 |       // Verificar título
    > 226 |       await expect(page.locator('h1, h2')).toContainText(/conversas|conversations/i);
          |                                            ^
      227 |       
      228 |       // Verificar filtros
      229 |       const statusFilter = page.locator('select, [class*="filter"], [class*="dropdown"]');
        at C:\xampp\htdocs\SAAS AGENTE IA\project\tests\e2e\frontend-complete-test.spec.cjs:226:44

    attachment #1: screenshot (image/png) ──────────────────────────────────────────────────────────
    ..\..\test-results\artifacts\frontend-complete-test-Fro-b2b61-Conversas---Lista-e-Filtros-chromium-retry1\test-failed-1.png
    ────────────────────────────────────────────────────────────────────────────────────────────────

    attachment #3: video (video/webm) ──────────────────────────────────────────────────────────────
    ..\..\test-results\artifacts\frontend-complete-test-Fro-b2b61-Conversas---Lista-e-Filtros-chromium-retry1\video.webm
    ────────────────────────────────────────────────────────────────────────────────────────────────

    Error Context: ..\..\test-results\artifacts\frontend-complete-test-Fro-b2b61-Conversas---Lista-e-Filtros-chromium-retry1\error-context.md

    attachment #5: trace (application/zip) ─────────────────────────────────────────────────────────
    ..\..\test-results\artifacts\frontend-complete-test-Fro-b2b61-Conversas---Lista-e-Filtros-chromium-retry1\trace.zip
    Usage:

        npx playwright show-trace ..\..\test-results\artifacts\frontend-complete-test-Fro-b2b61-Conversas---Lista-e-Filtros-chromium-retry1\trace.zip

    ────────────────────────────────────────────────────────────────────────────────────────────────
]]>
</failure>
<system-out>
<![CDATA[API Call: POST http://localhost:5173/api/auth/login
API Call: GET https://ui-avatars.com/api/?name=User&background=6366f1&color=fff
API Call: GET https://ui-avatars.com/api/?name=Usu%C3%A1rio%20Teste&background=6366f1&color=fff
API Call: GET http://localhost:5173/api/conversations?
API Call: GET http://localhost:5173/api/conversations?

[[ATTACHMENT|artifacts\frontend-complete-test-Fro-b2b61-Conversas---Lista-e-Filtros-chromium\test-failed-1.png]]

[[ATTACHMENT|artifacts\frontend-complete-test-Fro-b2b61-Conversas---Lista-e-Filtros-chromium\video.webm]]

[[ATTACHMENT|artifacts\frontend-complete-test-Fro-b2b61-Conversas---Lista-e-Filtros-chromium\error-context.md]]
API Call: POST http://localhost:5173/api/auth/login
API Call: GET https://ui-avatars.com/api/?name=Usu%C3%A1rio%20Teste&background=6366f1&color=fff
API Call: GET https://ui-avatars.com/api/?name=User&background=6366f1&color=fff
API Call: GET https://ui-avatars.com/api/?name=Usu%C3%A1rio%20Teste&background=6366f1&color=fff
API Call: GET http://localhost:5173/api/conversations?
API Call: GET http://localhost:5173/api/conversations?

[[ATTACHMENT|artifacts\frontend-complete-test-Fro-b2b61-Conversas---Lista-e-Filtros-chromium-retry1\test-failed-1.png]]

[[ATTACHMENT|artifacts\frontend-complete-test-Fro-b2b61-Conversas---Lista-e-Filtros-chromium-retry1\video.webm]]

[[ATTACHMENT|artifacts\frontend-complete-test-Fro-b2b61-Conversas---Lista-e-Filtros-chromium-retry1\error-context.md]]

[[ATTACHMENT|artifacts\frontend-complete-test-Fro-b2b61-Conversas---Lista-e-Filtros-chromium-retry1\trace.zip]]
]]>
</system-out>
</testcase>
<testcase name="Frontend Complete Test Suite › Página de Conversas › Conversas - Detalhes da Conversa" classname="frontend-complete-test.spec.cjs" time="1.74">
<system-out>
<![CDATA[API Call: POST http://localhost:5173/api/auth/login
API Call: GET https://ui-avatars.com/api/?name=Usu%C3%A1rio%20Teste&background=6366f1&color=fff
API Call: GET https://ui-avatars.com/api/?name=User&background=6366f1&color=fff
API Call: GET https://ui-avatars.com/api/?name=Usu%C3%A1rio%20Teste&background=6366f1&color=fff
]]>
</system-out>
</testcase>
<testcase name="Frontend Complete Test Suite › Página WhatsApp › WhatsApp - Interface e Controles" classname="frontend-complete-test.spec.cjs" time="7.858">
<failure message="frontend-complete-test.spec.cjs:276:5 WhatsApp - Interface e Controles" type="FAILURE">
<![CDATA[  [chromium] › frontend-complete-test.spec.cjs:276:5 › Frontend Complete Test Suite › Página WhatsApp › WhatsApp - Interface e Controles 

    Error: expect.toContainText: Error: strict mode violation: locator('h1, h2') resolved to 2 elements:
        1) <h1 class="text-lg font-bold text-gray-900">AI Agents</h1> aka getByRole('heading', { name: 'AI Agents' })
        2) <h1 class="text-2xl font-bold text-gray-900">WhatsApp Business</h1> aka getByRole('heading', { name: 'WhatsApp Business' })

    Call log:
      - Expect "toContainText" with timeout 10000ms
      - waiting for locator('h1, h2')
        5 × locator resolved to <h1 class="text-lg font-bold text-gray-900">AI Agents</h1>
          - unexpected value "AI Agents"


      279 |       
      280 |       // Verificar título
    > 281 |       await expect(page.locator('h1, h2')).toContainText(/whatsapp/i);
          |                                            ^
      282 |       
      283 |       // Verificar status de conexão
      284 |       const statusIndicator = page.locator('[class*="status"], [class*="connection"], [class*="indicator"]');
        at C:\xampp\htdocs\SAAS AGENTE IA\project\tests\e2e\frontend-complete-test.spec.cjs:281:44

    attachment #1: screenshot (image/png) ──────────────────────────────────────────────────────────
    ..\..\test-results\artifacts\frontend-complete-test-Fro-5a85e-App---Interface-e-Controles-chromium\test-failed-1.png
    ────────────────────────────────────────────────────────────────────────────────────────────────

    attachment #3: video (video/webm) ──────────────────────────────────────────────────────────────
    ..\..\test-results\artifacts\frontend-complete-test-Fro-5a85e-App---Interface-e-Controles-chromium\video.webm
    ────────────────────────────────────────────────────────────────────────────────────────────────

    Error Context: ..\..\test-results\artifacts\frontend-complete-test-Fro-5a85e-App---Interface-e-Controles-chromium\error-context.md

    Retry #1 ───────────────────────────────────────────────────────────────────────────────────────

    Error: expect.toContainText: Error: strict mode violation: locator('h1, h2') resolved to 2 elements:
        1) <h1 class="text-lg font-bold text-gray-900">AI Agents</h1> aka getByRole('heading', { name: 'AI Agents' })
        2) <h1 class="text-2xl font-bold text-gray-900">WhatsApp Business</h1> aka getByRole('heading', { name: 'WhatsApp Business' })

    Call log:
      - Expect "toContainText" with timeout 10000ms
      - waiting for locator('h1, h2')
        5 × locator resolved to <h1 class="text-lg font-bold text-gray-900">AI Agents</h1>
          - unexpected value "AI Agents"


      279 |       
      280 |       // Verificar título
    > 281 |       await expect(page.locator('h1, h2')).toContainText(/whatsapp/i);
          |                                            ^
      282 |       
      283 |       // Verificar status de conexão
      284 |       const statusIndicator = page.locator('[class*="status"], [class*="connection"], [class*="indicator"]');
        at C:\xampp\htdocs\SAAS AGENTE IA\project\tests\e2e\frontend-complete-test.spec.cjs:281:44

    attachment #1: screenshot (image/png) ──────────────────────────────────────────────────────────
    ..\..\test-results\artifacts\frontend-complete-test-Fro-5a85e-App---Interface-e-Controles-chromium-retry1\test-failed-1.png
    ────────────────────────────────────────────────────────────────────────────────────────────────

    attachment #3: video (video/webm) ──────────────────────────────────────────────────────────────
    ..\..\test-results\artifacts\frontend-complete-test-Fro-5a85e-App---Interface-e-Controles-chromium-retry1\video.webm
    ────────────────────────────────────────────────────────────────────────────────────────────────

    Error Context: ..\..\test-results\artifacts\frontend-complete-test-Fro-5a85e-App---Interface-e-Controles-chromium-retry1\error-context.md

    attachment #5: trace (application/zip) ─────────────────────────────────────────────────────────
    ..\..\test-results\artifacts\frontend-complete-test-Fro-5a85e-App---Interface-e-Controles-chromium-retry1\trace.zip
    Usage:

        npx playwright show-trace ..\..\test-results\artifacts\frontend-complete-test-Fro-5a85e-App---Interface-e-Controles-chromium-retry1\trace.zip

    ────────────────────────────────────────────────────────────────────────────────────────────────
]]>
</failure>
<system-out>
<![CDATA[API Call: POST http://localhost:5173/api/auth/login
API Call: GET https://ui-avatars.com/api/?name=Usu%C3%A1rio%20Teste&background=6366f1&color=fff
API Call: GET https://ui-avatars.com/api/?name=User&background=6366f1&color=fff
API Call: GET https://ui-avatars.com/api/?name=Usu%C3%A1rio%20Teste&background=6366f1&color=fff
API Call: GET http://localhost:5173/api/whatsapp/stats
API Call: GET http://localhost:5173/api/whatsapp/stats
API Call: GET http://localhost:5173/api/whatsapp/stats
API Call: GET http://localhost:5173/api/whatsapp/stats

[[ATTACHMENT|artifacts\frontend-complete-test-Fro-5a85e-App---Interface-e-Controles-chromium\test-failed-1.png]]

[[ATTACHMENT|artifacts\frontend-complete-test-Fro-5a85e-App---Interface-e-Controles-chromium\video.webm]]

[[ATTACHMENT|artifacts\frontend-complete-test-Fro-5a85e-App---Interface-e-Controles-chromium\error-context.md]]
API Call: POST http://localhost:5173/api/auth/login
API Call: GET https://ui-avatars.com/api/?name=Usu%C3%A1rio%20Teste&background=6366f1&color=fff
API Call: GET https://ui-avatars.com/api/?name=User&background=6366f1&color=fff
API Call: GET https://ui-avatars.com/api/?name=Usu%C3%A1rio%20Teste&background=6366f1&color=fff
API Call: GET http://localhost:5173/api/whatsapp/stats
API Call: GET http://localhost:5173/api/whatsapp/stats
API Call: GET http://localhost:5173/api/whatsapp/stats
API Call: GET http://localhost:5173/api/whatsapp/stats

[[ATTACHMENT|artifacts\frontend-complete-test-Fro-5a85e-App---Interface-e-Controles-chromium-retry1\test-failed-1.png]]

[[ATTACHMENT|artifacts\frontend-complete-test-Fro-5a85e-App---Interface-e-Controles-chromium-retry1\video.webm]]

[[ATTACHMENT|artifacts\frontend-complete-test-Fro-5a85e-App---Interface-e-Controles-chromium-retry1\error-context.md]]

[[ATTACHMENT|artifacts\frontend-complete-test-Fro-5a85e-App---Interface-e-Controles-chromium-retry1\trace.zip]]
]]>
</system-out>
</testcase>
<testcase name="Frontend Complete Test Suite › Página de Integrações › Integrações - Lista e Configurações" classname="frontend-complete-test.spec.cjs" time="24.689">
<failure message="frontend-complete-test.spec.cjs:304:5 Integrações - Lista e Configurações" type="FAILURE">
<![CDATA[  [chromium] › frontend-complete-test.spec.cjs:304:5 › Frontend Complete Test Suite › Página de Integrações › Integrações - Lista e Configurações 

    Error: expect(locator).toContainText(expected) failed

    Locator: locator('h1, h2')
    Expected pattern: /integra|integration/i
    Received: <element(s) not found>
    Timeout: 10000ms

    Call log:
      - Expect "toContainText" with timeout 10000ms
      - waiting for locator('h1, h2')
        - locator resolved to <h1 class="text-lg font-bold text-gray-900">AI Agents</h1>
        - unexpected value "AI Agents"


      307 |       
      308 |       // Verificar título
    > 309 |       await expect(page.locator('h1, h2')).toContainText(/integra|integration/i);
          |                                            ^
      310 |       
      311 |       // Verificar cards de integração
      312 |       const integrationCards = page.locator('[class*="integration"], [class*="card"], .grid > div');
        at C:\xampp\htdocs\SAAS AGENTE IA\project\tests\e2e\frontend-complete-test.spec.cjs:309:44

    attachment #1: screenshot (image/png) ──────────────────────────────────────────────────────────
    ..\..\test-results\artifacts\frontend-complete-test-Fro-9a0d6-ões---Lista-e-Configurações-chromium\test-failed-1.png
    ────────────────────────────────────────────────────────────────────────────────────────────────

    attachment #3: video (video/webm) ──────────────────────────────────────────────────────────────
    ..\..\test-results\artifacts\frontend-complete-test-Fro-9a0d6-ões---Lista-e-Configurações-chromium\video.webm
    ────────────────────────────────────────────────────────────────────────────────────────────────

    Error Context: ..\..\test-results\artifacts\frontend-complete-test-Fro-9a0d6-ões---Lista-e-Configurações-chromium\error-context.md

    Retry #1 ───────────────────────────────────────────────────────────────────────────────────────

    Error: expect(locator).toContainText(expected) failed

    Locator: locator('h1, h2')
    Expected pattern: /integra|integration/i
    Received: <element(s) not found>
    Timeout: 10000ms

    Call log:
      - Expect "toContainText" with timeout 10000ms
      - waiting for locator('h1, h2')


      307 |       
      308 |       // Verificar título
    > 309 |       await expect(page.locator('h1, h2')).toContainText(/integra|integration/i);
          |                                            ^
      310 |       
      311 |       // Verificar cards de integração
      312 |       const integrationCards = page.locator('[class*="integration"], [class*="card"], .grid > div');
        at C:\xampp\htdocs\SAAS AGENTE IA\project\tests\e2e\frontend-complete-test.spec.cjs:309:44

    attachment #1: screenshot (image/png) ──────────────────────────────────────────────────────────
    ..\..\test-results\artifacts\frontend-complete-test-Fro-9a0d6-ões---Lista-e-Configurações-chromium-retry1\test-failed-1.png
    ────────────────────────────────────────────────────────────────────────────────────────────────

    attachment #3: video (video/webm) ──────────────────────────────────────────────────────────────
    ..\..\test-results\artifacts\frontend-complete-test-Fro-9a0d6-ões---Lista-e-Configurações-chromium-retry1\video.webm
    ────────────────────────────────────────────────────────────────────────────────────────────────

    Error Context: ..\..\test-results\artifacts\frontend-complete-test-Fro-9a0d6-ões---Lista-e-Configurações-chromium-retry1\error-context.md

    attachment #5: trace (application/zip) ─────────────────────────────────────────────────────────
    ..\..\test-results\artifacts\frontend-complete-test-Fro-9a0d6-ões---Lista-e-Configurações-chromium-retry1\trace.zip
    Usage:

        npx playwright show-trace ..\..\test-results\artifacts\frontend-complete-test-Fro-9a0d6-ões---Lista-e-Configurações-chromium-retry1\trace.zip

    ────────────────────────────────────────────────────────────────────────────────────────────────
]]>
</failure>
<system-out>
<![CDATA[API Call: POST http://localhost:5173/api/auth/login
API Call: GET https://ui-avatars.com/api/?name=Usu%C3%A1rio%20Teste&background=6366f1&color=fff
API Call: GET https://ui-avatars.com/api/?name=User&background=6366f1&color=fff
API Call: GET https://ui-avatars.com/api/?name=Usu%C3%A1rio%20Teste&background=6366f1&color=fff

[[ATTACHMENT|artifacts\frontend-complete-test-Fro-9a0d6-ões---Lista-e-Configurações-chromium\test-failed-1.png]]

[[ATTACHMENT|artifacts\frontend-complete-test-Fro-9a0d6-ões---Lista-e-Configurações-chromium\video.webm]]

[[ATTACHMENT|artifacts\frontend-complete-test-Fro-9a0d6-ões---Lista-e-Configurações-chromium\error-context.md]]
API Call: POST http://localhost:5173/api/auth/login
API Call: GET https://ui-avatars.com/api/?name=Usu%C3%A1rio%20Teste&background=6366f1&color=fff
API Call: GET https://ui-avatars.com/api/?name=User&background=6366f1&color=fff
API Call: GET https://ui-avatars.com/api/?name=Usu%C3%A1rio%20Teste&background=6366f1&color=fff

[[ATTACHMENT|artifacts\frontend-complete-test-Fro-9a0d6-ões---Lista-e-Configurações-chromium-retry1\test-failed-1.png]]

[[ATTACHMENT|artifacts\frontend-complete-test-Fro-9a0d6-ões---Lista-e-Configurações-chromium-retry1\video.webm]]

[[ATTACHMENT|artifacts\frontend-complete-test-Fro-9a0d6-ões---Lista-e-Configurações-chromium-retry1\error-context.md]]

[[ATTACHMENT|artifacts\frontend-complete-test-Fro-9a0d6-ões---Lista-e-Configurações-chromium-retry1\trace.zip]]
]]>
</system-out>
</testcase>
<testcase name="Frontend Complete Test Suite › Página de Configurações › Configurações - Seções e Formulários" classname="frontend-complete-test.spec.cjs" time="4.1">
<failure message="frontend-complete-test.spec.cjs:327:5 Configurações - Seções e Formulários" type="FAILURE">
<![CDATA[  [chromium] › frontend-complete-test.spec.cjs:327:5 › Frontend Complete Test Suite › Página de Configurações › Configurações - Seções e Formulários 

    Error: expect.toContainText: Error: strict mode violation: locator('h1, h2') resolved to 3 elements:
        1) <h1 class="text-lg font-bold text-gray-900">AI Agents</h1> aka getByRole('heading', { name: 'AI Agents' })
        2) <h1 class="text-2xl font-bold text-gray-900">Configurações</h1> aka getByRole('heading', { name: 'Configurações' })
        3) <h2 class="text-xl font-semibold text-gray-900 mb-6">Informações do Perfil</h2> aka getByRole('heading', { name: 'Informações do Perfil' })

    Call log:
      - Expect "toContainText" with timeout 10000ms
      - waiting for locator('h1, h2')


      330 |       
      331 |       // Verificar título
    > 332 |       await expect(page.locator('h1, h2')).toContainText(/configura|settings/i);
          |                                            ^
      333 |       
      334 |       // Verificar abas ou seções
      335 |       const tabs = page.locator('[role="tab"], [class*="tab"], nav a');
        at C:\xampp\htdocs\SAAS AGENTE IA\project\tests\e2e\frontend-complete-test.spec.cjs:332:44

    attachment #1: screenshot (image/png) ──────────────────────────────────────────────────────────
    ..\..\test-results\artifacts\frontend-complete-test-Fro-755e8-ções---Seções-e-Formulários-chromium\test-failed-1.png
    ────────────────────────────────────────────────────────────────────────────────────────────────

    attachment #3: video (video/webm) ──────────────────────────────────────────────────────────────
    ..\..\test-results\artifacts\frontend-complete-test-Fro-755e8-ções---Seções-e-Formulários-chromium\video.webm
    ────────────────────────────────────────────────────────────────────────────────────────────────

    Error Context: ..\..\test-results\artifacts\frontend-complete-test-Fro-755e8-ções---Seções-e-Formulários-chromium\error-context.md

    Retry #1 ───────────────────────────────────────────────────────────────────────────────────────

    Error: expect.toContainText: Error: strict mode violation: locator('h1, h2') resolved to 3 elements:
        1) <h1 class="text-lg font-bold text-gray-900">AI Agents</h1> aka getByRole('heading', { name: 'AI Agents' })
        2) <h1 class="text-2xl font-bold text-gray-900">Configurações</h1> aka getByRole('heading', { name: 'Configurações' })
        3) <h2 class="text-xl font-semibold text-gray-900 mb-6">Informações do Perfil</h2> aka getByRole('heading', { name: 'Informações do Perfil' })

    Call log:
      - Expect "toContainText" with timeout 10000ms
      - waiting for locator('h1, h2')


      330 |       
      331 |       // Verificar título
    > 332 |       await expect(page.locator('h1, h2')).toContainText(/configura|settings/i);
          |                                            ^
      333 |       
      334 |       // Verificar abas ou seções
      335 |       const tabs = page.locator('[role="tab"], [class*="tab"], nav a');
        at C:\xampp\htdocs\SAAS AGENTE IA\project\tests\e2e\frontend-complete-test.spec.cjs:332:44

    attachment #1: screenshot (image/png) ──────────────────────────────────────────────────────────
    ..\..\test-results\artifacts\frontend-complete-test-Fro-755e8-ções---Seções-e-Formulários-chromium-retry1\test-failed-1.png
    ────────────────────────────────────────────────────────────────────────────────────────────────

    attachment #3: video (video/webm) ──────────────────────────────────────────────────────────────
    ..\..\test-results\artifacts\frontend-complete-test-Fro-755e8-ções---Seções-e-Formulários-chromium-retry1\video.webm
    ────────────────────────────────────────────────────────────────────────────────────────────────

    Error Context: ..\..\test-results\artifacts\frontend-complete-test-Fro-755e8-ções---Seções-e-Formulários-chromium-retry1\error-context.md

    attachment #5: trace (application/zip) ─────────────────────────────────────────────────────────
    ..\..\test-results\artifacts\frontend-complete-test-Fro-755e8-ções---Seções-e-Formulários-chromium-retry1\trace.zip
    Usage:

        npx playwright show-trace ..\..\test-results\artifacts\frontend-complete-test-Fro-755e8-ções---Seções-e-Formulários-chromium-retry1\trace.zip

    ────────────────────────────────────────────────────────────────────────────────────────────────
]]>
</failure>
<system-out>
<![CDATA[API Call: POST http://localhost:5173/api/auth/login
API Call: GET https://ui-avatars.com/api/?name=Usu%C3%A1rio%20Teste&background=6366f1&color=fff
API Call: GET https://ui-avatars.com/api/?name=User&background=6366f1&color=fff
API Call: GET https://ui-avatars.com/api/?name=Usu%C3%A1rio%20Teste&background=6366f1&color=fff

[[ATTACHMENT|artifacts\frontend-complete-test-Fro-755e8-ções---Seções-e-Formulários-chromium\test-failed-1.png]]

[[ATTACHMENT|artifacts\frontend-complete-test-Fro-755e8-ções---Seções-e-Formulários-chromium\video.webm]]

[[ATTACHMENT|artifacts\frontend-complete-test-Fro-755e8-ções---Seções-e-Formulários-chromium\error-context.md]]
API Call: POST http://localhost:5173/api/auth/login
API Call: GET https://ui-avatars.com/api/?name=Usu%C3%A1rio%20Teste&background=6366f1&color=fff
API Call: GET https://ui-avatars.com/api/?name=User&background=6366f1&color=fff
API Call: GET https://ui-avatars.com/api/?name=Usu%C3%A1rio%20Teste&background=6366f1&color=fff

[[ATTACHMENT|artifacts\frontend-complete-test-Fro-755e8-ções---Seções-e-Formulários-chromium-retry1\test-failed-1.png]]

[[ATTACHMENT|artifacts\frontend-complete-test-Fro-755e8-ções---Seções-e-Formulários-chromium-retry1\video.webm]]

[[ATTACHMENT|artifacts\frontend-complete-test-Fro-755e8-ções---Seções-e-Formulários-chromium-retry1\error-context.md]]

[[ATTACHMENT|artifacts\frontend-complete-test-Fro-755e8-ções---Seções-e-Formulários-chromium-retry1\trace.zip]]
]]>
</system-out>
</testcase>
<testcase name="Frontend Complete Test Suite › Layout e Navegação › Menu Lateral - Navegação" classname="frontend-complete-test.spec.cjs" time="8.389">
<system-out>
<![CDATA[API Call: POST http://localhost:5173/api/auth/login
API Call: GET https://ui-avatars.com/api/?name=Usu%C3%A1rio%20Teste&background=6366f1&color=fff
API Call: GET http://localhost:5173/api/auth/profile
API Call: GET http://localhost:5173/api/auth/profile
API Call: GET http://localhost:5173/api/agents/stats
API Call: GET http://localhost:5173/api/conversations?limit=10
API Call: GET https://ui-avatars.com/api/?name=undefined&background=6366f1&color=fff
API Call: GET https://ui-avatars.com/api/?name=User&background=6366f1&color=fff
API Call: GET http://localhost:5173/api/agents/stats
API Call: GET http://localhost:5173/api/conversations?limit=10
Navegou para: http://localhost:5173/ via link: Dashboard
API Call: GET http://localhost:5173/api/agents
API Call: GET http://localhost:5173/api/agents
Navegou para: http://localhost:5173/agents via link: Agentes de IA
API Call: GET http://localhost:5173/api/conversations?
API Call: GET http://localhost:5173/api/conversations?
Navegou para: http://localhost:5173/conversations via link: Conversas
Navegou para: http://localhost:5173/whatsapp via link: WhatsApp
API Call: GET http://localhost:5173/api/conversations?limit=10
API Call: GET http://localhost:5173/api/conversations?limit=10
Navegou para: http://localhost:5173/analytics via link: Analytics
Navegou para: http://localhost:5173/integrations via link: Integrações
Links de navegação encontrados: [
  [32m'Dashboard'[39m,
  [32m'Agentes de IA'[39m,
  [32m'Conversas'[39m,
  [32m'WhatsApp'[39m,
  [32m'Analytics'[39m,
  [32m'Integrações'[39m
]
]]>
</system-out>
</testcase>
<testcase name="Frontend Complete Test Suite › Layout e Navegação › Header - Perfil e Logout" classname="frontend-complete-test.spec.cjs" time="1.528">
<system-out>
<![CDATA[API Call: POST http://localhost:5173/api/auth/login
]]>
</system-out>
</testcase>
<testcase name="Frontend Complete Test Suite › Layout e Navegação › Responsividade - Menu Mobile" classname="frontend-complete-test.spec.cjs" time="1.652">
<system-out>
<![CDATA[API Call: POST http://localhost:5173/api/auth/login
API Call: GET https://ui-avatars.com/api/?name=Usu%C3%A1rio%20Teste&background=6366f1&color=fff
]]>
</system-out>
</testcase>
<testcase name="Frontend Complete Test Suite › Funcionalidades Gerais › Notificações e Alertas" classname="frontend-complete-test.spec.cjs" time="1.577">
<system-out>
<![CDATA[API Call: POST http://localhost:5173/api/auth/login
]]>
</system-out>
</testcase>
<testcase name="Frontend Complete Test Suite › Funcionalidades Gerais › Loading States e Spinners" classname="frontend-complete-test.spec.cjs" time="5.949">
<system-out>
<![CDATA[API Call: POST http://localhost:5173/api/auth/login
API Call: GET https://ui-avatars.com/api/?name=Usu%C3%A1rio%20Teste&background=6366f1&color=fff
API Call: GET https://ui-avatars.com/api/?name=User&background=6366f1&color=fff
API Call: GET https://ui-avatars.com/api/?name=Usu%C3%A1rio%20Teste&background=6366f1&color=fff
Loading state encontrado em /agents
API Call: GET http://localhost:5173/api/agents
API Call: GET http://localhost:5173/api/agents
API Call: GET https://ui-avatars.com/api/?name=User&background=6366f1&color=fff
API Call: GET https://ui-avatars.com/api/?name=Usu%C3%A1rio%20Teste&background=6366f1&color=fff
Loading state encontrado em /conversations
API Call: GET http://localhost:5173/api/conversations?
API Call: GET http://localhost:5173/api/conversations?
API Call: GET https://ui-avatars.com/api/?name=User&background=6366f1&color=fff
API Call: GET https://ui-avatars.com/api/?name=Usu%C3%A1rio%20Teste&background=6366f1&color=fff
]]>
</system-out>
</testcase>
<testcase name="Frontend Complete Test Suite › Funcionalidades Gerais › Formulários - Validação e Submissão" classname="frontend-complete-test.spec.cjs" time="3.176">
<system-out>
<![CDATA[API Call: POST http://localhost:5173/api/auth/login
API Call: GET https://ui-avatars.com/api/?name=Usu%C3%A1rio%20Teste&background=6366f1&color=fff
API Call: GET https://ui-avatars.com/api/?name=User&background=6366f1&color=fff
API Call: GET https://ui-avatars.com/api/?name=Usu%C3%A1rio%20Teste&background=6366f1&color=fff
API Call: GET http://localhost:5173/api/agents
API Call: GET http://localhost:5173/api/agents
API Call: GET https://ui-avatars.com/api/?name=User&background=6366f1&color=fff
API Call: GET https://ui-avatars.com/api/?name=Usu%C3%A1rio%20Teste&background=6366f1&color=fff
API Call: PUT http://localhost:5173/api/auth/profile
]]>
</system-out>
</testcase>
<testcase name="Frontend Complete Test Suite › Funcionalidades Gerais › Modais e Overlays" classname="frontend-complete-test.spec.cjs" time="1.606">
<system-out>
<![CDATA[API Call: POST http://localhost:5173/api/auth/login
]]>
</system-out>
</testcase>
<testcase name="Frontend Complete Test Suite › Testes de Acessibilidade › Navegação por Teclado" classname="frontend-complete-test.spec.cjs" time="3.703">
<system-out>
<![CDATA[API Call: POST http://localhost:5173/api/auth/login
API Call: GET https://ui-avatars.com/api/?name=Usu%C3%A1rio%20Teste&background=6366f1&color=fff
API Call: GET http://localhost:5173/api/auth/profile
API Call: GET http://localhost:5173/api/auth/profile
API Call: GET http://localhost:5173/api/agents/stats
API Call: GET http://localhost:5173/api/conversations?limit=10
API Call: GET http://localhost:5173/api/agents/stats
API Call: GET http://localhost:5173/api/conversations?limit=10
API Call: GET https://ui-avatars.com/api/?name=undefined&background=6366f1&color=fff
API Call: GET https://ui-avatars.com/api/?name=User&background=6366f1&color=fff
]]>
</system-out>
</testcase>
<testcase name="Frontend Complete Test Suite › Testes de Acessibilidade › Atributos ARIA e Semântica" classname="frontend-complete-test.spec.cjs" time="1.613">
<system-out>
<![CDATA[API Call: POST http://localhost:5173/api/auth/login
API Call: GET https://ui-avatars.com/api/?name=Usu%C3%A1rio%20Teste&background=6366f1&color=fff
Encontrados: 3 botões, 2 links, 2 headings
Botão sem texto ou aria-label encontrado
Botão sem texto ou aria-label encontrado
]]>
</system-out>
</testcase>
<testcase name="Frontend Complete Test Suite › Performance e Otimização › Tempo de Carregamento das Páginas" classname="frontend-complete-test.spec.cjs" time="3.382">
<system-out>
<![CDATA[Página / carregou em 651ms
Página /agents carregou em 601ms
Página /conversations carregou em 622ms
Página /whatsapp carregou em 618ms
Página /settings carregou em 631ms
]]>
</system-out>
</testcase>
<testcase name="Frontend Complete Test Suite › Performance e Otimização › Lazy Loading de Componentes" classname="frontend-complete-test.spec.cjs" time="1.71">
<system-out>
<![CDATA[API Call: POST http://localhost:5173/api/auth/login
API Call: GET https://ui-avatars.com/api/?name=Usu%C3%A1rio%20Teste&background=6366f1&color=fff
API Call: GET https://ui-avatars.com/api/?name=User&background=6366f1&color=fff
Total de recursos carregados: 33
]]>
</system-out>
</testcase>
</testsuite>
<testsuite name="frontend-complete-test.spec.cjs" timestamp="2025-09-11T00:43:32.473Z" hostname="firefox" tests="23" failures="8" skipped="0" time="202.044" errors="0">
<testcase name="Frontend Complete Test Suite › Páginas de Autenticação › Página de Login - Elementos e Funcionalidades" classname="frontend-complete-test.spec.cjs" time="7.415">
<failure message="frontend-complete-test.spec.cjs:35:5 Página de Login - Elementos e Funcionalidades" type="FAILURE">
<![CDATA[  [firefox] › frontend-complete-test.spec.cjs:35:5 › Frontend Complete Test Suite › Páginas de Autenticação › Página de Login - Elementos e Funcionalidades 

    Error: expect.toContainText: Error: strict mode violation: locator('h1, h2') resolved to 2 elements:
        1) <h1 class="text-3xl font-bold text-gray-900">AI Agents</h1> aka getByRole('heading', { name: 'AI Agents' })
        2) <h2 class="text-2xl font-bold text-gray-900 mb-2">Bem-vindo de volta</h2> aka getByRole('heading', { name: 'Bem-vindo de volta' })

    Call log:
      - Expect "toContainText" with timeout 10000ms
      - waiting for locator('h1, h2')


      37 |       
      38 |       // Verificar elementos da página
    > 39 |       await expect(page.locator('h1, h2')).toContainText(/login|entrar/i);
         |                                            ^
      40 |       await expect(page.locator('input[type="email"]')).toBeVisible();
      41 |       await expect(page.locator('input[type="password"]')).toBeVisible();
      42 |       await expect(page.locator('button[type="submit"]')).toBeVisible();
        at C:\xampp\htdocs\SAAS AGENTE IA\project\tests\e2e\frontend-complete-test.spec.cjs:39:44

    attachment #1: screenshot (image/png) ──────────────────────────────────────────────────────────
    ..\..\test-results\artifacts\frontend-complete-test-Fro-cfd4b-Elementos-e-Funcionalidades-firefox\test-failed-1.png
    ────────────────────────────────────────────────────────────────────────────────────────────────

    attachment #3: video (video/webm) ──────────────────────────────────────────────────────────────
    ..\..\test-results\artifacts\frontend-complete-test-Fro-cfd4b-Elementos-e-Funcionalidades-firefox\video.webm
    ────────────────────────────────────────────────────────────────────────────────────────────────

    Error Context: ..\..\test-results\artifacts\frontend-complete-test-Fro-cfd4b-Elementos-e-Funcionalidades-firefox\error-context.md

    Retry #1 ───────────────────────────────────────────────────────────────────────────────────────

    Error: expect.toContainText: Error: strict mode violation: locator('h1, h2') resolved to 2 elements:
        1) <h1 class="text-3xl font-bold text-gray-900">AI Agents</h1> aka getByRole('heading', { name: 'AI Agents' })
        2) <h2 class="text-2xl font-bold text-gray-900 mb-2">Bem-vindo de volta</h2> aka getByRole('heading', { name: 'Bem-vindo de volta' })

    Call log:
      - Expect "toContainText" with timeout 10000ms
      - waiting for locator('h1, h2')


      37 |       
      38 |       // Verificar elementos da página
    > 39 |       await expect(page.locator('h1, h2')).toContainText(/login|entrar/i);
         |                                            ^
      40 |       await expect(page.locator('input[type="email"]')).toBeVisible();
      41 |       await expect(page.locator('input[type="password"]')).toBeVisible();
      42 |       await expect(page.locator('button[type="submit"]')).toBeVisible();
        at C:\xampp\htdocs\SAAS AGENTE IA\project\tests\e2e\frontend-complete-test.spec.cjs:39:44

    attachment #1: screenshot (image/png) ──────────────────────────────────────────────────────────
    ..\..\test-results\artifacts\frontend-complete-test-Fro-cfd4b-Elementos-e-Funcionalidades-firefox-retry1\test-failed-1.png
    ────────────────────────────────────────────────────────────────────────────────────────────────

    attachment #3: video (video/webm) ──────────────────────────────────────────────────────────────
    ..\..\test-results\artifacts\frontend-complete-test-Fro-cfd4b-Elementos-e-Funcionalidades-firefox-retry1\video.webm
    ────────────────────────────────────────────────────────────────────────────────────────────────

    Error Context: ..\..\test-results\artifacts\frontend-complete-test-Fro-cfd4b-Elementos-e-Funcionalidades-firefox-retry1\error-context.md

    attachment #5: trace (application/zip) ─────────────────────────────────────────────────────────
    ..\..\test-results\artifacts\frontend-complete-test-Fro-cfd4b-Elementos-e-Funcionalidades-firefox-retry1\trace.zip
    Usage:

        npx playwright show-trace ..\..\test-results\artifacts\frontend-complete-test-Fro-cfd4b-Elementos-e-Funcionalidades-firefox-retry1\trace.zip

    ────────────────────────────────────────────────────────────────────────────────────────────────
]]>
</failure>
<system-out>
<![CDATA[
[[ATTACHMENT|artifacts\frontend-complete-test-Fro-cfd4b-Elementos-e-Funcionalidades-firefox\test-failed-1.png]]

[[ATTACHMENT|artifacts\frontend-complete-test-Fro-cfd4b-Elementos-e-Funcionalidades-firefox\video.webm]]

[[ATTACHMENT|artifacts\frontend-complete-test-Fro-cfd4b-Elementos-e-Funcionalidades-firefox\error-context.md]]

[[ATTACHMENT|artifacts\frontend-complete-test-Fro-cfd4b-Elementos-e-Funcionalidades-firefox-retry1\test-failed-1.png]]

[[ATTACHMENT|artifacts\frontend-complete-test-Fro-cfd4b-Elementos-e-Funcionalidades-firefox-retry1\video.webm]]

[[ATTACHMENT|artifacts\frontend-complete-test-Fro-cfd4b-Elementos-e-Funcionalidades-firefox-retry1\error-context.md]]

[[ATTACHMENT|artifacts\frontend-complete-test-Fro-cfd4b-Elementos-e-Funcionalidades-firefox-retry1\trace.zip]]
]]>
</system-out>
</testcase>
<testcase name="Frontend Complete Test Suite › Páginas de Autenticação › Página de Registro - Elementos e Funcionalidades" classname="frontend-complete-test.spec.cjs" time="27.473">
<failure message="frontend-complete-test.spec.cjs:62:5 Página de Registro - Elementos e Funcionalidades" type="FAILURE">
<![CDATA[  [firefox] › frontend-complete-test.spec.cjs:62:5 › Frontend Complete Test Suite › Páginas de Autenticação › Página de Registro - Elementos e Funcionalidades 

    Error: expect(locator).toContainText(expected) failed

    Locator: locator('h1, h2')
    Expected pattern: /registro|cadastro|sign up/i
    Received string:  "Criar Conta"
    Timeout: 10000ms

    Call log:
      - Expect "toContainText" with timeout 10000ms
      - waiting for locator('h1, h2')
        13 × locator resolved to <h2 class="text-3xl font-bold text-gray-900 mb-2">Criar Conta</h2>
           - unexpected value "Criar Conta"


      64 |       
      65 |       // Verificar elementos da página
    > 66 |       await expect(page.locator('h1, h2')).toContainText(/registro|cadastro|sign up/i);
         |                                            ^
      67 |       await expect(page.locator('input[type="email"]')).toBeVisible();
      68 |       await expect(page.locator('input[type="password"]')).toBeVisible();
      69 |       await expect(page.locator('button[type="submit"]')).toBeVisible();
        at C:\xampp\htdocs\SAAS AGENTE IA\project\tests\e2e\frontend-complete-test.spec.cjs:66:44

    attachment #1: screenshot (image/png) ──────────────────────────────────────────────────────────
    ..\..\test-results\artifacts\frontend-complete-test-Fro-69749-Elementos-e-Funcionalidades-firefox\test-failed-1.png
    ────────────────────────────────────────────────────────────────────────────────────────────────

    attachment #3: video (video/webm) ──────────────────────────────────────────────────────────────
    ..\..\test-results\artifacts\frontend-complete-test-Fro-69749-Elementos-e-Funcionalidades-firefox\video.webm
    ────────────────────────────────────────────────────────────────────────────────────────────────

    Error Context: ..\..\test-results\artifacts\frontend-complete-test-Fro-69749-Elementos-e-Funcionalidades-firefox\error-context.md

    Retry #1 ───────────────────────────────────────────────────────────────────────────────────────

    Error: expect(locator).toContainText(expected) failed

    Locator: locator('h1, h2')
    Expected pattern: /registro|cadastro|sign up/i
    Received string:  "Criar Conta"
    Timeout: 10000ms

    Call log:
      - Expect "toContainText" with timeout 10000ms
      - waiting for locator('h1, h2')
        13 × locator resolved to <h2 class="text-3xl font-bold text-gray-900 mb-2">Criar Conta</h2>
           - unexpected value "Criar Conta"


      64 |       
      65 |       // Verificar elementos da página
    > 66 |       await expect(page.locator('h1, h2')).toContainText(/registro|cadastro|sign up/i);
         |                                            ^
      67 |       await expect(page.locator('input[type="email"]')).toBeVisible();
      68 |       await expect(page.locator('input[type="password"]')).toBeVisible();
      69 |       await expect(page.locator('button[type="submit"]')).toBeVisible();
        at C:\xampp\htdocs\SAAS AGENTE IA\project\tests\e2e\frontend-complete-test.spec.cjs:66:44

    attachment #1: screenshot (image/png) ──────────────────────────────────────────────────────────
    ..\..\test-results\artifacts\frontend-complete-test-Fro-69749-Elementos-e-Funcionalidades-firefox-retry1\test-failed-1.png
    ────────────────────────────────────────────────────────────────────────────────────────────────

    attachment #3: video (video/webm) ──────────────────────────────────────────────────────────────
    ..\..\test-results\artifacts\frontend-complete-test-Fro-69749-Elementos-e-Funcionalidades-firefox-retry1\video.webm
    ────────────────────────────────────────────────────────────────────────────────────────────────

    Error Context: ..\..\test-results\artifacts\frontend-complete-test-Fro-69749-Elementos-e-Funcionalidades-firefox-retry1\error-context.md

    attachment #5: trace (application/zip) ─────────────────────────────────────────────────────────
    ..\..\test-results\artifacts\frontend-complete-test-Fro-69749-Elementos-e-Funcionalidades-firefox-retry1\trace.zip
    Usage:

        npx playwright show-trace ..\..\test-results\artifacts\frontend-complete-test-Fro-69749-Elementos-e-Funcionalidades-firefox-retry1\trace.zip

    ────────────────────────────────────────────────────────────────────────────────────────────────
]]>
</failure>
<system-out>
<![CDATA[
[[ATTACHMENT|artifacts\frontend-complete-test-Fro-69749-Elementos-e-Funcionalidades-firefox\test-failed-1.png]]

[[ATTACHMENT|artifacts\frontend-complete-test-Fro-69749-Elementos-e-Funcionalidades-firefox\video.webm]]

[[ATTACHMENT|artifacts\frontend-complete-test-Fro-69749-Elementos-e-Funcionalidades-firefox\error-context.md]]

[[ATTACHMENT|artifacts\frontend-complete-test-Fro-69749-Elementos-e-Funcionalidades-firefox-retry1\test-failed-1.png]]

[[ATTACHMENT|artifacts\frontend-complete-test-Fro-69749-Elementos-e-Funcionalidades-firefox-retry1\video.webm]]

[[ATTACHMENT|artifacts\frontend-complete-test-Fro-69749-Elementos-e-Funcionalidades-firefox-retry1\error-context.md]]

[[ATTACHMENT|artifacts\frontend-complete-test-Fro-69749-Elementos-e-Funcionalidades-firefox-retry1\trace.zip]]
]]>
</system-out>
</testcase>
<testcase name="Frontend Complete Test Suite › Dashboard Principal › Dashboard - Layout e Componentes" classname="frontend-complete-test.spec.cjs" time="10.448">
<failure message="frontend-complete-test.spec.cjs:86:5 Dashboard - Layout e Componentes" type="FAILURE">
<![CDATA[  [firefox] › frontend-complete-test.spec.cjs:86:5 › Frontend Complete Test Suite › Dashboard Principal › Dashboard - Layout e Componentes 

    Error: expect.toContainText: Error: strict mode violation: locator('h1, h2') resolved to 2 elements:
        1) <h1 class="text-3xl font-bold text-gray-900">AI Agents</h1> aka getByRole('heading', { name: 'AI Agents' })
        2) <h2 class="text-2xl font-bold text-gray-900 mb-2">Bem-vindo de volta</h2> aka getByRole('heading', { name: 'Bem-vindo de volta' })

    Call log:
      - Expect "toContainText" with timeout 10000ms
      - waiting for locator('h1, h2')


      88 |       
      89 |       // Verificar elementos principais do dashboard
    > 90 |       await expect(page.locator('h1, h2')).toContainText(/dashboard|painel/i);
         |                                            ^
      91 |       
      92 |       // Verificar cards de estatísticas
      93 |       const statsCards = page.locator('[class*="card"], [class*="stat"], .bg-white');
        at C:\xampp\htdocs\SAAS AGENTE IA\project\tests\e2e\frontend-complete-test.spec.cjs:90:44

    attachment #1: screenshot (image/png) ──────────────────────────────────────────────────────────
    ..\..\test-results\artifacts\frontend-complete-test-Fro-248b8-oard---Layout-e-Componentes-firefox\test-failed-1.png
    ────────────────────────────────────────────────────────────────────────────────────────────────

    attachment #3: video (video/webm) ──────────────────────────────────────────────────────────────
    ..\..\test-results\artifacts\frontend-complete-test-Fro-248b8-oard---Layout-e-Componentes-firefox\video.webm
    ────────────────────────────────────────────────────────────────────────────────────────────────

    Error Context: ..\..\test-results\artifacts\frontend-complete-test-Fro-248b8-oard---Layout-e-Componentes-firefox\error-context.md

    Retry #1 ───────────────────────────────────────────────────────────────────────────────────────

    Error: expect.toContainText: Error: strict mode violation: locator('h1, h2') resolved to 2 elements:
        1) <h1 class="text-3xl font-bold text-gray-900">AI Agents</h1> aka getByRole('heading', { name: 'AI Agents' })
        2) <h2 class="text-2xl font-bold text-gray-900 mb-2">Bem-vindo de volta</h2> aka getByRole('heading', { name: 'Bem-vindo de volta' })

    Call log:
      - Expect "toContainText" with timeout 10000ms
      - waiting for locator('h1, h2')


      88 |       
      89 |       // Verificar elementos principais do dashboard
    > 90 |       await expect(page.locator('h1, h2')).toContainText(/dashboard|painel/i);
         |                                            ^
      91 |       
      92 |       // Verificar cards de estatísticas
      93 |       const statsCards = page.locator('[class*="card"], [class*="stat"], .bg-white');
        at C:\xampp\htdocs\SAAS AGENTE IA\project\tests\e2e\frontend-complete-test.spec.cjs:90:44

    attachment #1: screenshot (image/png) ──────────────────────────────────────────────────────────
    ..\..\test-results\artifacts\frontend-complete-test-Fro-248b8-oard---Layout-e-Componentes-firefox-retry1\test-failed-1.png
    ────────────────────────────────────────────────────────────────────────────────────────────────

    attachment #3: video (video/webm) ──────────────────────────────────────────────────────────────
    ..\..\test-results\artifacts\frontend-complete-test-Fro-248b8-oard---Layout-e-Componentes-firefox-retry1\video.webm
    ────────────────────────────────────────────────────────────────────────────────────────────────

    Error Context: ..\..\test-results\artifacts\frontend-complete-test-Fro-248b8-oard---Layout-e-Componentes-firefox-retry1\error-context.md

    attachment #5: trace (application/zip) ─────────────────────────────────────────────────────────
    ..\..\test-results\artifacts\frontend-complete-test-Fro-248b8-oard---Layout-e-Componentes-firefox-retry1\trace.zip
    Usage:

        npx playwright show-trace ..\..\test-results\artifacts\frontend-complete-test-Fro-248b8-oard---Layout-e-Componentes-firefox-retry1\trace.zip

    ────────────────────────────────────────────────────────────────────────────────────────────────
]]>
</failure>
<system-out>
<![CDATA[API Call: POST http://localhost:5173/api/auth/login
API Call: GET https://ui-avatars.com/api/?name=Usu%C3%A1rio%20Teste&background=6366f1&color=fff
API Call: GET https://ui-avatars.com/api/?name=Usu%C3%A1rio%20Teste&background=6366f1&color=fff

[[ATTACHMENT|artifacts\frontend-complete-test-Fro-248b8-oard---Layout-e-Componentes-firefox\test-failed-1.png]]

[[ATTACHMENT|artifacts\frontend-complete-test-Fro-248b8-oard---Layout-e-Componentes-firefox\video.webm]]

[[ATTACHMENT|artifacts\frontend-complete-test-Fro-248b8-oard---Layout-e-Componentes-firefox\error-context.md]]
API Call: POST http://localhost:5173/api/auth/login
API Call: GET https://ui-avatars.com/api/?name=Usu%C3%A1rio%20Teste&background=6366f1&color=fff

[[ATTACHMENT|artifacts\frontend-complete-test-Fro-248b8-oard---Layout-e-Componentes-firefox-retry1\test-failed-1.png]]

[[ATTACHMENT|artifacts\frontend-complete-test-Fro-248b8-oard---Layout-e-Componentes-firefox-retry1\video.webm]]

[[ATTACHMENT|artifacts\frontend-complete-test-Fro-248b8-oard---Layout-e-Componentes-firefox-retry1\error-context.md]]

[[ATTACHMENT|artifacts\frontend-complete-test-Fro-248b8-oard---Layout-e-Componentes-firefox-retry1\trace.zip]]
]]>
</system-out>
</testcase>
<testcase name="Frontend Complete Test Suite › Dashboard Principal › Dashboard - Interações e Navegação" classname="frontend-complete-test.spec.cjs" time="4.982">
<system-out>
<![CDATA[API Call: POST http://localhost:5173/api/auth/login
]]>
</system-out>
</testcase>
<testcase name="Frontend Complete Test Suite › Página de Agentes › Agentes - Lista e Visualização" classname="frontend-complete-test.spec.cjs" time="9.592">
<failure message="frontend-complete-test.spec.cjs:133:5 Agentes - Lista e Visualização" type="FAILURE">
<![CDATA[  [firefox] › frontend-complete-test.spec.cjs:133:5 › Frontend Complete Test Suite › Página de Agentes › Agentes - Lista e Visualização 

    Error: expect.toContainText: Error: strict mode violation: locator('h1, h2') resolved to 2 elements:
        1) <h1 class="text-lg font-bold text-gray-900">AI Agents</h1> aka getByRole('heading', { name: 'AI Agents' })
        2) <h1 class="text-2xl font-bold text-gray-900">Agentes de IA</h1> aka getByRole('heading', { name: 'Agentes de IA' })

    Call log:
      - Expect "toContainText" with timeout 10000ms
      - waiting for locator('h1, h2')


      136 |       
      137 |       // Verificar título da página
    > 138 |       await expect(page.locator('h1, h2')).toContainText(/agentes|agents/i);
          |                                            ^
      139 |       
      140 |       // Verificar botão de criar agente
      141 |       const createButton = page.locator('button:has-text("Criar"), button:has-text("Novo"), button:has-text("Add"), [class*="create"], [class*="add"]');
        at C:\xampp\htdocs\SAAS AGENTE IA\project\tests\e2e\frontend-complete-test.spec.cjs:138:44

    attachment #1: screenshot (image/png) ──────────────────────────────────────────────────────────
    ..\..\test-results\artifacts\frontend-complete-test-Fro-dda1e-ntes---Lista-e-Visualização-firefox\test-failed-1.png
    ────────────────────────────────────────────────────────────────────────────────────────────────

    attachment #3: video (video/webm) ──────────────────────────────────────────────────────────────
    ..\..\test-results\artifacts\frontend-complete-test-Fro-dda1e-ntes---Lista-e-Visualização-firefox\video.webm
    ────────────────────────────────────────────────────────────────────────────────────────────────

    Error Context: ..\..\test-results\artifacts\frontend-complete-test-Fro-dda1e-ntes---Lista-e-Visualização-firefox\error-context.md

    Retry #1 ───────────────────────────────────────────────────────────────────────────────────────

    Error: expect.toContainText: Error: strict mode violation: locator('h1, h2') resolved to 2 elements:
        1) <h1 class="text-lg font-bold text-gray-900">AI Agents</h1> aka getByRole('heading', { name: 'AI Agents' })
        2) <h1 class="text-2xl font-bold text-gray-900">Agentes de IA</h1> aka getByRole('heading', { name: 'Agentes de IA' })

    Call log:
      - Expect "toContainText" with timeout 10000ms
      - waiting for locator('h1, h2')


      136 |       
      137 |       // Verificar título da página
    > 138 |       await expect(page.locator('h1, h2')).toContainText(/agentes|agents/i);
          |                                            ^
      139 |       
      140 |       // Verificar botão de criar agente
      141 |       const createButton = page.locator('button:has-text("Criar"), button:has-text("Novo"), button:has-text("Add"), [class*="create"], [class*="add"]');
        at C:\xampp\htdocs\SAAS AGENTE IA\project\tests\e2e\frontend-complete-test.spec.cjs:138:44

    attachment #1: screenshot (image/png) ──────────────────────────────────────────────────────────
    ..\..\test-results\artifacts\frontend-complete-test-Fro-dda1e-ntes---Lista-e-Visualização-firefox-retry1\test-failed-1.png
    ────────────────────────────────────────────────────────────────────────────────────────────────

    attachment #3: video (video/webm) ──────────────────────────────────────────────────────────────
    ..\..\test-results\artifacts\frontend-complete-test-Fro-dda1e-ntes---Lista-e-Visualização-firefox-retry1\video.webm
    ────────────────────────────────────────────────────────────────────────────────────────────────

[...]

    Locator: locator('h1, h2')
    Expected pattern: /integra|integration/i
    Received: <element(s) not found>
    Timeout: 10000ms

    Call log:
      - Expect "toContainText" with timeout 10000ms
      - waiting for locator('h1, h2')


      307 |       
      308 |       // Verificar título
    > 309 |       await expect(page.locator('h1, h2')).toContainText(/integra|integration/i);
          |                                            ^
      310 |       
      311 |       // Verificar cards de integração
      312 |       const integrationCards = page.locator('[class*="integration"], [class*="card"], .grid > div');
        at C:\xampp\htdocs\SAAS AGENTE IA\project\tests\e2e\frontend-complete-test.spec.cjs:309:44

    attachment #1: screenshot (image/png) ──────────────────────────────────────────────────────────
    ..\..\test-results\artifacts\frontend-complete-test-Fro-9a0d6-ões---Lista-e-Configurações-Google-Chrome\test-failed-1.png
    ────────────────────────────────────────────────────────────────────────────────────────────────

    attachment #3: video (video/webm) ──────────────────────────────────────────────────────────────
    ..\..\test-results\artifacts\frontend-complete-test-Fro-9a0d6-ões---Lista-e-Configurações-Google-Chrome\video.webm
    ────────────────────────────────────────────────────────────────────────────────────────────────

    Error Context: ..\..\test-results\artifacts\frontend-complete-test-Fro-9a0d6-ões---Lista-e-Configurações-Google-Chrome\error-context.md

    Retry #1 ───────────────────────────────────────────────────────────────────────────────────────

    Error: expect(locator).toContainText(expected) failed

    Locator: locator('h1, h2')
    Expected pattern: /integra|integration/i
    Received: <element(s) not found>
    Timeout: 10000ms

    Call log:
      - Expect "toContainText" with timeout 10000ms
      - waiting for locator('h1, h2')


      307 |       
      308 |       // Verificar título
    > 309 |       await expect(page.locator('h1, h2')).toContainText(/integra|integration/i);
          |                                            ^
      310 |       
      311 |       // Verificar cards de integração
      312 |       const integrationCards = page.locator('[class*="integration"], [class*="card"], .grid > div');
        at C:\xampp\htdocs\SAAS AGENTE IA\project\tests\e2e\frontend-complete-test.spec.cjs:309:44

    attachment #1: screenshot (image/png) ──────────────────────────────────────────────────────────
    ..\..\test-results\artifacts\frontend-complete-test-Fro-9a0d6-ões---Lista-e-Configurações-Google-Chrome-retry1\test-failed-1.png
    ────────────────────────────────────────────────────────────────────────────────────────────────

    attachment #3: video (video/webm) ──────────────────────────────────────────────────────────────
    ..\..\test-results\artifacts\frontend-complete-test-Fro-9a0d6-ões---Lista-e-Configurações-Google-Chrome-retry1\video.webm
    ────────────────────────────────────────────────────────────────────────────────────────────────

    Error Context: ..\..\test-results\artifacts\frontend-complete-test-Fro-9a0d6-ões---Lista-e-Configurações-Google-Chrome-retry1\error-context.md

    attachment #5: trace (application/zip) ─────────────────────────────────────────────────────────
    ..\..\test-results\artifacts\frontend-complete-test-Fro-9a0d6-ões---Lista-e-Configurações-Google-Chrome-retry1\trace.zip
    Usage:

        npx playwright show-trace ..\..\test-results\artifacts\frontend-complete-test-Fro-9a0d6-ões---Lista-e-Configurações-Google-Chrome-retry1\trace.zip

    ────────────────────────────────────────────────────────────────────────────────────────────────
]]>
</failure>
<system-out>
<![CDATA[API Call: POST http://localhost:5173/api/auth/login
API Call: GET https://ui-avatars.com/api/?name=Usu%C3%A1rio%20Teste&background=6366f1&color=fff
API Call: GET https://ui-avatars.com/api/?name=User&background=6366f1&color=fff
API Call: GET https://ui-avatars.com/api/?name=Usu%C3%A1rio%20Teste&background=6366f1&color=fff

[[ATTACHMENT|artifacts\frontend-complete-test-Fro-9a0d6-ões---Lista-e-Configurações-Google-Chrome\test-failed-1.png]]

[[ATTACHMENT|artifacts\frontend-complete-test-Fro-9a0d6-ões---Lista-e-Configurações-Google-Chrome\video.webm]]

[[ATTACHMENT|artifacts\frontend-complete-test-Fro-9a0d6-ões---Lista-e-Configurações-Google-Chrome\error-context.md]]
API Call: POST http://localhost:5173/api/auth/login
API Call: GET https://ui-avatars.com/api/?name=Usu%C3%A1rio%20Teste&background=6366f1&color=fff
API Call: GET https://ui-avatars.com/api/?name=User&background=6366f1&color=fff
API Call: GET https://ui-avatars.com/api/?name=Usu%C3%A1rio%20Teste&background=6366f1&color=fff

[[ATTACHMENT|artifacts\frontend-complete-test-Fro-9a0d6-ões---Lista-e-Configurações-Google-Chrome-retry1\test-failed-1.png]]

[[ATTACHMENT|artifacts\frontend-complete-test-Fro-9a0d6-ões---Lista-e-Configurações-Google-Chrome-retry1\video.webm]]

[[ATTACHMENT|artifacts\frontend-complete-test-Fro-9a0d6-ões---Lista-e-Configurações-Google-Chrome-retry1\error-context.md]]

[[ATTACHMENT|artifacts\frontend-complete-test-Fro-9a0d6-ões---Lista-e-Configurações-Google-Chrome-retry1\trace.zip]]
]]>
</system-out>
</testcase>
<testcase name="Frontend Complete Test Suite › Página de Configurações › Configurações - Seções e Formulários" classname="frontend-complete-test.spec.cjs" time="4.542">
<failure message="frontend-complete-test.spec.cjs:327:5 Configurações - Seções e Formulários" type="FAILURE">
<![CDATA[  [Google Chrome] › frontend-complete-test.spec.cjs:327:5 › Frontend Complete Test Suite › Página de Configurações › Configurações - Seções e Formulários 

    Error: expect.toContainText: Error: strict mode violation: locator('h1, h2') resolved to 3 elements:
        1) <h1 class="text-lg font-bold text-gray-900">AI Agents</h1> aka getByRole('heading', { name: 'AI Agents' })
        2) <h1 class="text-2xl font-bold text-gray-900">Configurações</h1> aka getByRole('heading', { name: 'Configurações' })
        3) <h2 class="text-xl font-semibold text-gray-900 mb-6">Informações do Perfil</h2> aka getByRole('heading', { name: 'Informações do Perfil' })

    Call log:
      - Expect "toContainText" with timeout 10000ms
      - waiting for locator('h1, h2')


      330 |       
      331 |       // Verificar título
    > 332 |       await expect(page.locator('h1, h2')).toContainText(/configura|settings/i);
          |                                            ^
      333 |       
      334 |       // Verificar abas ou seções
      335 |       const tabs = page.locator('[role="tab"], [class*="tab"], nav a');
        at C:\xampp\htdocs\SAAS AGENTE IA\project\tests\e2e\frontend-complete-test.spec.cjs:332:44

    attachment #1: screenshot (image/png) ──────────────────────────────────────────────────────────
    ..\..\test-results\artifacts\frontend-complete-test-Fro-755e8-ções---Seções-e-Formulários-Google-Chrome\test-failed-1.png
    ────────────────────────────────────────────────────────────────────────────────────────────────

    attachment #3: video (video/webm) ──────────────────────────────────────────────────────────────
    ..\..\test-results\artifacts\frontend-complete-test-Fro-755e8-ções---Seções-e-Formulários-Google-Chrome\video.webm
    ────────────────────────────────────────────────────────────────────────────────────────────────

    Error Context: ..\..\test-results\artifacts\frontend-complete-test-Fro-755e8-ções---Seções-e-Formulários-Google-Chrome\error-context.md

    Retry #1 ───────────────────────────────────────────────────────────────────────────────────────

    Error: expect.toContainText: Error: strict mode violation: locator('h1, h2') resolved to 3 elements:
        1) <h1 class="text-lg font-bold text-gray-900">AI Agents</h1> aka getByRole('heading', { name: 'AI Agents' })
        2) <h1 class="text-2xl font-bold text-gray-900">Configurações</h1> aka getByRole('heading', { name: 'Configurações' })
        3) <h2 class="text-xl font-semibold text-gray-900 mb-6">Informações do Perfil</h2> aka getByRole('heading', { name: 'Informações do Perfil' })

    Call log:
      - Expect "toContainText" with timeout 10000ms
      - waiting for locator('h1, h2')


      330 |       
      331 |       // Verificar título
    > 332 |       await expect(page.locator('h1, h2')).toContainText(/configura|settings/i);
          |                                            ^
      333 |       
      334 |       // Verificar abas ou seções
      335 |       const tabs = page.locator('[role="tab"], [class*="tab"], nav a');
        at C:\xampp\htdocs\SAAS AGENTE IA\project\tests\e2e\frontend-complete-test.spec.cjs:332:44

    attachment #1: screenshot (image/png) ──────────────────────────────────────────────────────────
    ..\..\test-results\artifacts\frontend-complete-test-Fro-755e8-ções---Seções-e-Formulários-Google-Chrome-retry1\test-failed-1.png
    ────────────────────────────────────────────────────────────────────────────────────────────────

    attachment #3: video (video/webm) ──────────────────────────────────────────────────────────────
    ..\..\test-results\artifacts\frontend-complete-test-Fro-755e8-ções---Seções-e-Formulários-Google-Chrome-retry1\video.webm
    ────────────────────────────────────────────────────────────────────────────────────────────────

    Error Context: ..\..\test-results\artifacts\frontend-complete-test-Fro-755e8-ções---Seções-e-Formulários-Google-Chrome-retry1\error-context.md

    attachment #5: trace (application/zip) ─────────────────────────────────────────────────────────
    ..\..\test-results\artifacts\frontend-complete-test-Fro-755e8-ções---Seções-e-Formulários-Google-Chrome-retry1\trace.zip
    Usage:

        npx playwright show-trace ..\..\test-results\artifacts\frontend-complete-test-Fro-755e8-ções---Seções-e-Formulários-Google-Chrome-retry1\trace.zip

    ────────────────────────────────────────────────────────────────────────────────────────────────
]]>
</failure>
<system-out>
<![CDATA[API Call: POST http://localhost:5173/api/auth/login
API Call: GET https://ui-avatars.com/api/?name=Usu%C3%A1rio%20Teste&background=6366f1&color=fff
API Call: GET https://ui-avatars.com/api/?name=User&background=6366f1&color=fff
API Call: GET https://ui-avatars.com/api/?name=Usu%C3%A1rio%20Teste&background=6366f1&color=fff

[[ATTACHMENT|artifacts\frontend-complete-test-Fro-755e8-ções---Seções-e-Formulários-Google-Chrome\test-failed-1.png]]

[[ATTACHMENT|artifacts\frontend-complete-test-Fro-755e8-ções---Seções-e-Formulários-Google-Chrome\video.webm]]

[[ATTACHMENT|artifacts\frontend-complete-test-Fro-755e8-ções---Seções-e-Formulários-Google-Chrome\error-context.md]]
API Call: POST http://localhost:5173/api/auth/login
API Call: GET https://ui-avatars.com/api/?name=Usu%C3%A1rio%20Teste&background=6366f1&color=fff
API Call: GET https://ui-avatars.com/api/?name=User&background=6366f1&color=fff
API Call: GET https://ui-avatars.com/api/?name=Usu%C3%A1rio%20Teste&background=6366f1&color=fff

[[ATTACHMENT|artifacts\frontend-complete-test-Fro-755e8-ções---Seções-e-Formulários-Google-Chrome-retry1\test-failed-1.png]]

[[ATTACHMENT|artifacts\frontend-complete-test-Fro-755e8-ções---Seções-e-Formulários-Google-Chrome-retry1\video.webm]]

[[ATTACHMENT|artifacts\frontend-complete-test-Fro-755e8-ções---Seções-e-Formulários-Google-Chrome-retry1\error-context.md]]

[[ATTACHMENT|artifacts\frontend-complete-test-Fro-755e8-ções---Seções-e-Formulários-Google-Chrome-retry1\trace.zip]]
]]>
</system-out>
</testcase>
<testcase name="Frontend Complete Test Suite › Layout e Navegação › Menu Lateral - Navegação" classname="frontend-complete-test.spec.cjs" time="7.77">
<system-out>
<![CDATA[API Call: POST http://localhost:5173/api/auth/login
API Call: GET https://ui-avatars.com/api/?name=Usu%C3%A1rio%20Teste&background=6366f1&color=fff
API Call: GET http://localhost:5173/api/auth/profile
API Call: GET http://localhost:5173/api/auth/profile
API Call: GET http://localhost:5173/api/agents/stats
API Call: GET http://localhost:5173/api/conversations?limit=10
API Call: GET https://ui-avatars.com/api/?name=undefined&background=6366f1&color=fff
API Call: GET https://ui-avatars.com/api/?name=User&background=6366f1&color=fff
API Call: GET http://localhost:5173/api/agents/stats
API Call: GET http://localhost:5173/api/conversations?limit=10
Navegou para: http://localhost:5173/ via link: Dashboard
API Call: GET http://localhost:5173/api/agents
API Call: GET http://localhost:5173/api/agents
Navegou para: http://localhost:5173/agents via link: Agentes de IA
API Call: GET http://localhost:5173/api/conversations?
API Call: GET http://localhost:5173/api/conversations?
Navegou para: http://localhost:5173/conversations via link: Conversas
Navegou para: http://localhost:5173/whatsapp via link: WhatsApp
API Call: GET http://localhost:5173/api/conversations?limit=10
API Call: GET http://localhost:5173/api/conversations?limit=10
Navegou para: http://localhost:5173/analytics via link: Analytics
Navegou para: http://localhost:5173/integrations via link: Integrações
Links de navegação encontrados: [
  [32m'Dashboard'[39m,
  [32m'Agentes de IA'[39m,
  [32m'Conversas'[39m,
  [32m'WhatsApp'[39m,
  [32m'Analytics'[39m,
  [32m'Integrações'[39m
]
]]>
</system-out>
</testcase>
<testcase name="Frontend Complete Test Suite › Layout e Navegação › Header - Perfil e Logout" classname="frontend-complete-test.spec.cjs" time="1.577">
<system-out>
<![CDATA[API Call: POST http://localhost:5173/api/auth/login
API Call: GET https://ui-avatars.com/api/?name=Usu%C3%A1rio%20Teste&background=6366f1&color=fff
]]>
</system-out>
</testcase>
<testcase name="Frontend Complete Test Suite › Layout e Navegação › Responsividade - Menu Mobile" classname="frontend-complete-test.spec.cjs" time="1.601">
<system-out>
<![CDATA[API Call: POST http://localhost:5173/api/auth/login
API Call: GET https://ui-avatars.com/api/?name=Usu%C3%A1rio%20Teste&background=6366f1&color=fff
]]>
</system-out>
</testcase>
<testcase name="Frontend Complete Test Suite › Funcionalidades Gerais › Notificações e Alertas" classname="frontend-complete-test.spec.cjs" time="1.554">
<system-out>
<![CDATA[API Call: POST http://localhost:5173/api/auth/login
]]>
</system-out>
</testcase>
<testcase name="Frontend Complete Test Suite › Funcionalidades Gerais › Loading States e Spinners" classname="frontend-complete-test.spec.cjs" time="7.983">
<system-out>
<![CDATA[API Call: POST http://localhost:5173/api/auth/login
API Call: GET https://ui-avatars.com/api/?name=Usu%C3%A1rio%20Teste&background=6366f1&color=fff
API Call: GET https://ui-avatars.com/api/?name=User&background=6366f1&color=fff
API Call: GET https://ui-avatars.com/api/?name=Usu%C3%A1rio%20Teste&background=6366f1&color=fff
Loading state encontrado em /agents
API Call: GET http://localhost:5173/api/agents
API Call: GET http://localhost:5173/api/agents
API Call: GET https://ui-avatars.com/api/?name=User&background=6366f1&color=fff
API Call: GET https://ui-avatars.com/api/?name=Usu%C3%A1rio%20Teste&background=6366f1&color=fff
Loading state encontrado em /conversations
API Call: GET http://localhost:5173/api/conversations?
API Call: GET http://localhost:5173/api/conversations?
API Call: GET https://ui-avatars.com/api/?name=User&background=6366f1&color=fff
API Call: GET https://ui-avatars.com/api/?name=Usu%C3%A1rio%20Teste&background=6366f1&color=fff
Loading state encontrado em /settings
]]>
</system-out>
</testcase>
<testcase name="Frontend Complete Test Suite › Funcionalidades Gerais › Formulários - Validação e Submissão" classname="frontend-complete-test.spec.cjs" time="15.725">
<system-out>
<![CDATA[API Call: POST http://localhost:5173/api/auth/login
API Call: GET https://ui-avatars.com/api/?name=Usu%C3%A1rio%20Teste&background=6366f1&color=fff
API Call: GET https://ui-avatars.com/api/?name=User&background=6366f1&color=fff
API Call: GET https://ui-avatars.com/api/?name=Usu%C3%A1rio%20Teste&background=6366f1&color=fff
API Call: GET http://localhost:5173/api/agents
API Call: GET http://localhost:5173/api/agents
API Call: GET https://ui-avatars.com/api/?name=User&background=6366f1&color=fff
API Call: GET https://ui-avatars.com/api/?name=Usu%C3%A1rio%20Teste&background=6366f1&color=fff

[[ATTACHMENT|artifacts\frontend-complete-test-Fro-ff725-ios---Validação-e-Submissão-Google-Chrome\test-failed-1.png]]

[[ATTACHMENT|artifacts\frontend-complete-test-Fro-ff725-ios---Validação-e-Submissão-Google-Chrome\video.webm]]

[[ATTACHMENT|artifacts\frontend-complete-test-Fro-ff725-ios---Validação-e-Submissão-Google-Chrome\error-context.md]]
API Call: POST http://localhost:5173/api/auth/login
API Call: GET https://ui-avatars.com/api/?name=Usu%C3%A1rio%20Teste&background=6366f1&color=fff
API Call: GET https://ui-avatars.com/api/?name=User&background=6366f1&color=fff
API Call: GET https://ui-avatars.com/api/?name=Usu%C3%A1rio%20Teste&background=6366f1&color=fff
API Call: GET http://localhost:5173/api/agents
API Call: GET http://localhost:5173/api/agents
API Call: GET https://ui-avatars.com/api/?name=User&background=6366f1&color=fff
API Call: GET https://ui-avatars.com/api/?name=Usu%C3%A1rio%20Teste&background=6366f1&color=fff
API Call: PUT http://localhost:5173/api/auth/profile

[[ATTACHMENT|artifacts\frontend-complete-test-Fro-ff725-ios---Validação-e-Submissão-Google-Chrome-retry1\trace.zip]]
]]>
</system-out>
</testcase>
<testcase name="Frontend Complete Test Suite › Funcionalidades Gerais › Modais e Overlays" classname="frontend-complete-test.spec.cjs" time="1.621">
<system-out>
<![CDATA[API Call: POST http://localhost:5173/api/auth/login
]]>
</system-out>
</testcase>
<testcase name="Frontend Complete Test Suite › Testes de Acessibilidade › Navegação por Teclado" classname="frontend-complete-test.spec.cjs" time="3.796">
<system-out>
<![CDATA[API Call: POST http://localhost:5173/api/auth/login
API Call: GET https://ui-avatars.com/api/?name=Usu%C3%A1rio%20Teste&background=6366f1&color=fff
API Call: GET http://localhost:5173/api/auth/profile
API Call: GET http://localhost:5173/api/auth/profile
API Call: GET http://localhost:5173/api/agents/stats
API Call: GET http://localhost:5173/api/conversations?limit=10
API Call: GET http://localhost:5173/api/agents/stats
API Call: GET http://localhost:5173/api/conversations?limit=10
API Call: GET https://ui-avatars.com/api/?name=undefined&background=6366f1&color=fff
API Call: GET https://ui-avatars.com/api/?name=User&background=6366f1&color=fff
]]>
</system-out>
</testcase>
<testcase name="Frontend Complete Test Suite › Testes de Acessibilidade › Atributos ARIA e Semântica" classname="frontend-complete-test.spec.cjs" time="1.588">
<system-out>
<![CDATA[API Call: POST http://localhost:5173/api/auth/login
API Call: GET https://ui-avatars.com/api/?name=Usu%C3%A1rio%20Teste&background=6366f1&color=fff
Encontrados: 3 botões, 2 links, 2 headings
Botão sem texto ou aria-label encontrado
Botão sem texto ou aria-label encontrado
]]>
</system-out>
</testcase>
<testcase name="Frontend Complete Test Suite › Performance e Otimização › Tempo de Carregamento das Páginas" classname="frontend-complete-test.spec.cjs" time="3.452">
<system-out>
<![CDATA[Página / carregou em 713ms
Página /agents carregou em 611ms
Página /conversations carregou em 607ms
Página /whatsapp carregou em 618ms
Página /settings carregou em 617ms
]]>
</system-out>
</testcase>
<testcase name="Frontend Complete Test Suite › Performance e Otimização › Lazy Loading de Componentes" classname="frontend-complete-test.spec.cjs" time="1.994">
<system-out>
<![CDATA[API Call: POST http://localhost:5173/api/auth/login
API Call: GET https://ui-avatars.com/api/?name=Usu%C3%A1rio%20Teste&background=6366f1&color=fff
API Call: GET https://ui-avatars.com/api/?name=User&background=6366f1&color=fff
Total de recursos carregados: 33
]]>
</system-out>
</testcase>
</testsuite>
</testsuites>